08-Jan-2024 21:21:13.690 INFORMAÇÕES [main] org.apache.catalina.startup.VersionLoggerListener.log Server version name:   Apache Tomcat/8.5.50
08-Jan-2024 21:21:13.699 INFORMAÇÕES [main] org.apache.catalina.startup.VersionLoggerListener.log Server built:          Dec 7 2019 19:19:46 UTC
08-Jan-2024 21:21:13.699 INFORMAÇÕES [main] org.apache.catalina.startup.VersionLoggerListener.log Server version number: 8.5.50.0
08-Jan-2024 21:21:13.700 INFORMAÇÕES [main] org.apache.catalina.startup.VersionLoggerListener.log OS Name:               Windows 10
08-Jan-2024 21:21:13.700 INFORMAÇÕES [main] org.apache.catalina.startup.VersionLoggerListener.log OS Version:            10.0
08-Jan-2024 21:21:13.700 INFORMAÇÕES [main] org.apache.catalina.startup.VersionLoggerListener.log Architecture:          amd64
08-Jan-2024 21:21:13.700 INFORMAÇÕES [main] org.apache.catalina.startup.VersionLoggerListener.log Java Home:             C:\Program Files\Java\jre8
08-Jan-2024 21:21:13.700 INFORMAÇÕES [main] org.apache.catalina.startup.VersionLoggerListener.log JVM Version:           1.8.0_202-b08
08-Jan-2024 21:21:13.701 INFORMAÇÕES [main] org.apache.catalina.startup.VersionLoggerListener.log JVM Vendor:            Oracle Corporation
08-Jan-2024 21:21:13.701 INFORMAÇÕES [main] org.apache.catalina.startup.VersionLoggerListener.log CATALINA_BASE:         C:\devops\apache-tomcat-8.5.50
08-Jan-2024 21:21:13.701 INFORMAÇÕES [main] org.apache.catalina.startup.VersionLoggerListener.log CATALINA_HOME:         C:\devops\apache-tomcat-8.5.50
08-Jan-2024 21:21:13.701 INFORMAÇÕES [main] org.apache.catalina.startup.VersionLoggerListener.log Command line argument: -Djava.util.logging.config.file=C:\devops\apache-tomcat-8.5.50\conf\logging.properties
08-Jan-2024 21:21:13.702 INFORMAÇÕES [main] org.apache.catalina.startup.VersionLoggerListener.log Command line argument: -Djava.util.logging.manager=org.apache.juli.ClassLoaderLogManager
08-Jan-2024 21:21:13.702 INFORMAÇÕES [main] org.apache.catalina.startup.VersionLoggerListener.log Command line argument: -Djdk.tls.ephemeralDHKeySize=2048
08-Jan-2024 21:21:13.702 INFORMAÇÕES [main] org.apache.catalina.startup.VersionLoggerListener.log Command line argument: -Djava.protocol.handler.pkgs=org.apache.catalina.webresources
08-Jan-2024 21:21:13.703 INFORMAÇÕES [main] org.apache.catalina.startup.VersionLoggerListener.log Command line argument: -Dignore.endorsed.dirs=
08-Jan-2024 21:21:13.704 INFORMAÇÕES [main] org.apache.catalina.startup.VersionLoggerListener.log Command line argument: -Dcatalina.base=C:\devops\apache-tomcat-8.5.50
08-Jan-2024 21:21:13.704 INFORMAÇÕES [main] org.apache.catalina.startup.VersionLoggerListener.log Command line argument: -Dcatalina.home=C:\devops\apache-tomcat-8.5.50
08-Jan-2024 21:21:13.705 INFORMAÇÕES [main] org.apache.catalina.startup.VersionLoggerListener.log Command line argument: -Djava.io.tmpdir=C:\devops\apache-tomcat-8.5.50\temp
08-Jan-2024 21:21:13.706 INFORMAÇÕES [main] org.apache.catalina.core.AprLifecycleListener.lifecycleEvent The APR based Apache Tomcat Native library which allows optimal performance in production environments was not found on the java.library.path: [C:\Program Files\Java\jre8\bin;C:\Windows\Sun\Java\bin;C:\Windows\system32;C:\Windows;C:\Program Files\Java\jdk17\bin;C:\Maven\apache-maven-3.9.6\bin;C:\Program Files\Common Files\Oracle\Java\javapath;C:\app\JN\product\21c\dbhomeXE\bin;C:\Windows\system32;C:\Windows;C:\Windows\System32\Wbem;C:\Windows\System32\WindowsPowerShell\v1.0\;C:\Windows\System32\OpenSSH\;C:\Program Files (x86)\dotnet\;C:\Program Files\nodejs\;C:\Program Files\dotnet\;C:\Program Files\Microsoft SQL Server\Client SDK\ODBC\170\Tools\Binn\;C:\Users\JN\AppData\Local\Android\Sdk\platform-tools;C:\Users\JN\AppData\Local\Android\Sdk\emulator;C:\Users\JN\AppData\Local\Android\Sdk\tools\bin;C:\Program Files\MongoDB\Server\7.0\bin;C:\Program Files\Git\cmd;C:\Program Files\Docker\Docker\resources\bin;C:\SeleniumDriver;C:\Users\JN\AppData\Local\Programs\Python\Python310\Scripts\;C:\Users\JN\AppData\Local\Programs\Python\Python310\;C:\Users\JN\AppData\Local\Microsoft\WindowsApps;C:\Users\JN\AppData\Local\GitHubDesktop\bin;C:\Users\JN\AppData\Local\Programs\Microsoft VS Code\bin;C:\Users\JN\AppData\Roaming\npm;C:\Users\JN\.dotnet\tools;C:\Users\JN\AppData\Local\Programs\mongosh\;.]
08-Jan-2024 21:21:14.081 INFORMAÇÕES [main] org.apache.coyote.AbstractProtocol.init Initializing ProtocolHandler ["http-nio-8001"]
08-Jan-2024 21:21:14.598 INFORMAÇÕES [main] org.apache.tomcat.util.net.NioSelectorPool.getSharedSelector Using a shared selector for servlet write/read
08-Jan-2024 21:21:14.625 INFORMAÇÕES [main] org.apache.coyote.AbstractProtocol.init Initializing ProtocolHandler ["ajp-nio-8009"]
08-Jan-2024 21:21:14.629 INFORMAÇÕES [main] org.apache.tomcat.util.net.NioSelectorPool.getSharedSelector Using a shared selector for servlet write/read
08-Jan-2024 21:21:14.630 INFORMAÇÕES [main] org.apache.catalina.startup.Catalina.load Initialization processed in 1533 ms
08-Jan-2024 21:21:14.722 INFORMAÇÕES [main] org.apache.catalina.core.StandardService.startInternal Starting service [Catalina]
08-Jan-2024 21:21:14.728 INFORMAÇÕES [main] org.apache.catalina.core.StandardEngine.startInternal Starting Servlet Engine: Apache Tomcat/8.5.50
08-Jan-2024 21:21:14.802 INFORMAÇÕES [localhost-startStop-1] org.apache.catalina.startup.HostConfig.deployWAR Deploying web application archive [C:\devops\apache-tomcat-8.5.50\webapps\tasks-backend.war]
08-Jan-2024 21:22:12.467 INFORMAÇÕES [localhost-startStop-1] org.apache.jasper.servlet.TldScanner.scanJars At least one JAR was scanned for TLDs yet contained no TLDs. Enable debug logging for this logger for a complete list of JARs that were scanned but no TLDs were found in them. Skipping unneeded JARs during scanning can improve startup time and JSP compilation time.
08-Jan-2024 21:22:12.655 INFORMAÇÕES [localhost-startStop-1] org.apache.catalina.startup.HostConfig.deployWAR Deployment of web application archive [C:\devops\apache-tomcat-8.5.50\webapps\tasks-backend.war] has finished in [57,853] ms
08-Jan-2024 21:22:12.762 INFORMAÇÕES [localhost-startStop-1] org.apache.catalina.startup.HostConfig.deployWAR Deploying web application archive [C:\devops\apache-tomcat-8.5.50\webapps\tasks.war]
08-Jan-2024 21:22:32.328 INFORMAÇÕES [localhost-startStop-1] org.apache.jasper.servlet.TldScanner.scanJars At least one JAR was scanned for TLDs yet contained no TLDs. Enable debug logging for this logger for a complete list of JARs that were scanned but no TLDs were found in them. Skipping unneeded JARs during scanning can improve startup time and JSP compilation time.
08-Jan-2024 21:22:32.345 INFORMAÇÕES [localhost-startStop-1] org.apache.catalina.startup.HostConfig.deployWAR Deployment of web application archive [C:\devops\apache-tomcat-8.5.50\webapps\tasks.war] has finished in [19,583] ms
08-Jan-2024 21:22:32.698 INFORMAÇÕES [localhost-startStop-1] org.apache.catalina.startup.HostConfig.deployDirectory Deploying web application directory [C:\devops\apache-tomcat-8.5.50\webapps\docs]
08-Jan-2024 21:22:32.965 INFORMAÇÕES [localhost-startStop-1] org.apache.catalina.startup.HostConfig.deployDirectory Deployment of web application directory [C:\devops\apache-tomcat-8.5.50\webapps\docs] has finished in [268] ms
08-Jan-2024 21:22:32.965 INFORMAÇÕES [localhost-startStop-1] org.apache.catalina.startup.HostConfig.deployDirectory Deploying web application directory [C:\devops\apache-tomcat-8.5.50\webapps\examples]
08-Jan-2024 21:22:34.044 INFORMAÇÕES [localhost-startStop-1] org.apache.catalina.startup.HostConfig.deployDirectory Deployment of web application directory [C:\devops\apache-tomcat-8.5.50\webapps\examples] has finished in [1,079] ms
08-Jan-2024 21:22:34.045 INFORMAÇÕES [localhost-startStop-1] org.apache.catalina.startup.HostConfig.deployDirectory Deploying web application directory [C:\devops\apache-tomcat-8.5.50\webapps\host-manager]
08-Jan-2024 21:22:34.129 INFORMAÇÕES [localhost-startStop-1] org.apache.catalina.startup.HostConfig.deployDirectory Deployment of web application directory [C:\devops\apache-tomcat-8.5.50\webapps\host-manager] has finished in [84] ms
08-Jan-2024 21:22:34.130 INFORMAÇÕES [localhost-startStop-1] org.apache.catalina.startup.HostConfig.deployDirectory Deploying web application directory [C:\devops\apache-tomcat-8.5.50\webapps\manager]
08-Jan-2024 21:22:34.191 INFORMAÇÕES [localhost-startStop-1] org.apache.catalina.startup.HostConfig.deployDirectory Deployment of web application directory [C:\devops\apache-tomcat-8.5.50\webapps\manager] has finished in [61] ms
08-Jan-2024 21:22:34.192 INFORMAÇÕES [localhost-startStop-1] org.apache.catalina.startup.HostConfig.deployDirectory Deploying web application directory [C:\devops\apache-tomcat-8.5.50\webapps\ROOT]
08-Jan-2024 21:22:34.234 INFORMAÇÕES [localhost-startStop-1] org.apache.catalina.startup.HostConfig.deployDirectory Deployment of web application directory [C:\devops\apache-tomcat-8.5.50\webapps\ROOT] has finished in [41] ms
08-Jan-2024 21:22:34.257 INFORMAÇÕES [main] org.apache.coyote.AbstractProtocol.start Starting ProtocolHandler ["http-nio-8001"]
08-Jan-2024 21:22:34.275 INFORMAÇÕES [main] org.apache.coyote.AbstractProtocol.start Starting ProtocolHandler ["ajp-nio-8009"]
08-Jan-2024 21:22:34.281 INFORMAÇÕES [main] org.apache.catalina.startup.Catalina.start Server startup in 79651 ms
08-Jan-2024 22:55:03.832 GRAVE [ajp-nio-8009-exec-1] org.apache.coyote.ajp.AjpMessage.processHeader Invalid message received with signature [18245]
08-Jan-2024 22:55:03.840 GRAVE [ajp-nio-8009-exec-5] org.apache.coyote.ajp.AjpMessage.processHeader Invalid message received with signature [18245]
08-Jan-2024 22:55:03.846 GRAVE [ajp-nio-8009-exec-3] org.apache.coyote.ajp.AjpMessage.processHeader Invalid message received with signature [18245]
08-Jan-2024 22:55:04.989 GRAVE [ajp-nio-8009-exec-2] org.apache.coyote.ajp.AjpMessage.processHeader Invalid message received with signature [18245]
08-Jan-2024 22:55:04.994 GRAVE [ajp-nio-8009-exec-4] org.apache.coyote.ajp.AjpMessage.processHeader Invalid message received with signature [18245]
08-Jan-2024 22:55:05.005 GRAVE [ajp-nio-8009-exec-6] org.apache.coyote.ajp.AjpMessage.processHeader Invalid message received with signature [18245]
08-Jan-2024 22:55:10.046 GRAVE [ajp-nio-8009-exec-7] org.apache.coyote.ajp.AjpMessage.processHeader Invalid message received with signature [18245]
08-Jan-2024 22:55:10.055 GRAVE [ajp-nio-8009-exec-9] org.apache.coyote.ajp.AjpMessage.processHeader Invalid message received with signature [18245]
08-Jan-2024 22:55:10.066 GRAVE [ajp-nio-8009-exec-8] org.apache.coyote.ajp.AjpMessage.processHeader Invalid message received with signature [18245]
08-Jan-2024 22:55:15.719 GRAVE [ajp-nio-8009-exec-10] org.apache.coyote.ajp.AjpMessage.processHeader Invalid message received with signature [18245]
08-Jan-2024 22:55:16.783 GRAVE [ajp-nio-8009-exec-1] org.apache.coyote.ajp.AjpMessage.processHeader Invalid message received with signature [18245]
08-Jan-2024 22:55:16.789 GRAVE [ajp-nio-8009-exec-5] org.apache.coyote.ajp.AjpMessage.processHeader Invalid message received with signature [18245]
08-Jan-2024 22:55:16.794 GRAVE [ajp-nio-8009-exec-3] org.apache.coyote.ajp.AjpMessage.processHeader Invalid message received with signature [18245]
08-Jan-2024 23:34:33.024 ADVERTÊNCIA [http-nio-8001-exec-10] org.apache.catalina.loader.WebappClassLoaderBase.clearReferencesJdbc The web application [tasks-backend] registered the JDBC driver [org.postgresql.Driver] but failed to unregister it when the web application was stopped. To prevent a memory leak, the JDBC Driver has been forcibly unregistered.
08-Jan-2024 23:34:34.908 INFORMAÇÕES [http-nio-8001-exec-10] org.apache.catalina.startup.HostConfig.undeploy Undeploying context [/tasks-backend]
08-Jan-2024 23:34:36.977 INFORMAÇÕES [http-nio-8001-exec-3] org.apache.catalina.startup.HostConfig.deployWAR Deploying web application archive [C:\devops\apache-tomcat-8.5.50\webapps\tasks-backend.war]
08-Jan-2024 23:35:08.562 INFORMAÇÕES [http-nio-8001-exec-3] org.apache.jasper.servlet.TldScanner.scanJars At least one JAR was scanned for TLDs yet contained no TLDs. Enable debug logging for this logger for a complete list of JARs that were scanned but no TLDs were found in them. Skipping unneeded JARs during scanning can improve startup time and JSP compilation time.
08-Jan-2024 23:35:08.591 INFORMAÇÕES [http-nio-8001-exec-3] org.apache.catalina.startup.HostConfig.deployWAR Deployment of web application archive [C:\devops\apache-tomcat-8.5.50\webapps\tasks-backend.war] has finished in [31,614] ms
08-Jan-2024 23:35:55.224 INFORMAÇÕES [http-nio-8001-exec-13] org.apache.catalina.startup.HostConfig.undeploy Undeploying context [/tasks]
08-Jan-2024 23:35:56.025 INFORMAÇÕES [http-nio-8001-exec-13] org.apache.catalina.startup.HostConfig.deployWAR Deploying web application archive [C:\devops\apache-tomcat-8.5.50\webapps\tasks.war]
08-Jan-2024 23:36:10.182 INFORMAÇÕES [http-nio-8001-exec-13] org.apache.jasper.servlet.TldScanner.scanJars At least one JAR was scanned for TLDs yet contained no TLDs. Enable debug logging for this logger for a complete list of JARs that were scanned but no TLDs were found in them. Skipping unneeded JARs during scanning can improve startup time and JSP compilation time.
08-Jan-2024 23:36:10.202 INFORMAÇÕES [http-nio-8001-exec-13] org.apache.catalina.startup.HostConfig.deployWAR Deployment of web application archive [C:\devops\apache-tomcat-8.5.50\webapps\tasks.war] has finished in [14,178] ms
08-Jan-2024 23:53:47.566 ADVERTÊNCIA [http-nio-8001-exec-24] org.apache.catalina.loader.WebappClassLoaderBase.clearReferencesJdbc The web application [tasks-backend] registered the JDBC driver [org.postgresql.Driver] but failed to unregister it when the web application was stopped. To prevent a memory leak, the JDBC Driver has been forcibly unregistered.
08-Jan-2024 23:53:48.251 INFORMAÇÕES [http-nio-8001-exec-24] org.apache.catalina.startup.HostConfig.undeploy Undeploying context [/tasks-backend]
08-Jan-2024 23:53:49.155 INFORMAÇÕES [http-nio-8001-exec-17] org.apache.catalina.startup.HostConfig.deployWAR Deploying web application archive [C:\devops\apache-tomcat-8.5.50\webapps\tasks-backend.war]
08-Jan-2024 23:54:15.685 INFORMAÇÕES [http-nio-8001-exec-17] org.apache.jasper.servlet.TldScanner.scanJars At least one JAR was scanned for TLDs yet contained no TLDs. Enable debug logging for this logger for a complete list of JARs that were scanned but no TLDs were found in them. Skipping unneeded JARs during scanning can improve startup time and JSP compilation time.
08-Jan-2024 23:54:15.838 INFORMAÇÕES [http-nio-8001-exec-17] org.apache.catalina.startup.HostConfig.deployWAR Deployment of web application archive [C:\devops\apache-tomcat-8.5.50\webapps\tasks-backend.war] has finished in [26,683] ms
08-Jan-2024 23:55:03.260 INFORMAÇÕES [http-nio-8001-exec-28] org.apache.catalina.startup.HostConfig.undeploy Undeploying context [/tasks]
08-Jan-2024 23:55:03.732 INFORMAÇÕES [http-nio-8001-exec-29] org.apache.catalina.startup.HostConfig.deployWAR Deploying web application archive [C:\devops\apache-tomcat-8.5.50\webapps\tasks.war]
08-Jan-2024 23:55:15.885 INFORMAÇÕES [http-nio-8001-exec-29] org.apache.jasper.servlet.TldScanner.scanJars At least one JAR was scanned for TLDs yet contained no TLDs. Enable debug logging for this logger for a complete list of JARs that were scanned but no TLDs were found in them. Skipping unneeded JARs during scanning can improve startup time and JSP compilation time.
08-Jan-2024 23:55:15.902 INFORMAÇÕES [http-nio-8001-exec-29] org.apache.catalina.startup.HostConfig.deployWAR Deployment of web application archive [C:\devops\apache-tomcat-8.5.50\webapps\tasks.war] has finished in [12,170] ms
