21-Dec-2023 22:47:00.206 INFORMAÇÕES [main] org.apache.catalina.startup.VersionLoggerListener.log Server version name:   Apache Tomcat/8.5.50
21-Dec-2023 22:47:00.268 INFORMAÇÕES [main] org.apache.catalina.startup.VersionLoggerListener.log Server built:          Dec 7 2019 19:19:46 UTC
21-Dec-2023 22:47:00.269 INFORMAÇÕES [main] org.apache.catalina.startup.VersionLoggerListener.log Server version number: 8.5.50.0
21-Dec-2023 22:47:00.269 INFORMAÇÕES [main] org.apache.catalina.startup.VersionLoggerListener.log OS Name:               Windows 10
21-Dec-2023 22:47:00.269 INFORMAÇÕES [main] org.apache.catalina.startup.VersionLoggerListener.log OS Version:            10.0
21-Dec-2023 22:47:00.271 INFORMAÇÕES [main] org.apache.catalina.startup.VersionLoggerListener.log Architecture:          amd64
21-Dec-2023 22:47:00.271 INFORMAÇÕES [main] org.apache.catalina.startup.VersionLoggerListener.log Java Home:             C:\Program Files\Java\jre8
21-Dec-2023 22:47:00.271 INFORMAÇÕES [main] org.apache.catalina.startup.VersionLoggerListener.log JVM Version:           1.8.0_202-b08
21-Dec-2023 22:47:00.272 INFORMAÇÕES [main] org.apache.catalina.startup.VersionLoggerListener.log JVM Vendor:            Oracle Corporation
21-Dec-2023 22:47:00.272 INFORMAÇÕES [main] org.apache.catalina.startup.VersionLoggerListener.log CATALINA_BASE:         C:\devops\apache-tomcat-8.5.50
21-Dec-2023 22:47:00.272 INFORMAÇÕES [main] org.apache.catalina.startup.VersionLoggerListener.log CATALINA_HOME:         C:\devops\apache-tomcat-8.5.50
21-Dec-2023 22:47:00.272 INFORMAÇÕES [main] org.apache.catalina.startup.VersionLoggerListener.log Command line argument: -Djava.util.logging.config.file=C:\devops\apache-tomcat-8.5.50\conf\logging.properties
21-Dec-2023 22:47:00.273 INFORMAÇÕES [main] org.apache.catalina.startup.VersionLoggerListener.log Command line argument: -Djava.util.logging.manager=org.apache.juli.ClassLoaderLogManager
21-Dec-2023 22:47:00.273 INFORMAÇÕES [main] org.apache.catalina.startup.VersionLoggerListener.log Command line argument: -Djdk.tls.ephemeralDHKeySize=2048
21-Dec-2023 22:47:00.273 INFORMAÇÕES [main] org.apache.catalina.startup.VersionLoggerListener.log Command line argument: -Djava.protocol.handler.pkgs=org.apache.catalina.webresources
21-Dec-2023 22:47:00.273 INFORMAÇÕES [main] org.apache.catalina.startup.VersionLoggerListener.log Command line argument: -Dignore.endorsed.dirs=
21-Dec-2023 22:47:00.274 INFORMAÇÕES [main] org.apache.catalina.startup.VersionLoggerListener.log Command line argument: -Dcatalina.base=C:\devops\apache-tomcat-8.5.50
21-Dec-2023 22:47:00.275 INFORMAÇÕES [main] org.apache.catalina.startup.VersionLoggerListener.log Command line argument: -Dcatalina.home=C:\devops\apache-tomcat-8.5.50
21-Dec-2023 22:47:00.275 INFORMAÇÕES [main] org.apache.catalina.startup.VersionLoggerListener.log Command line argument: -Djava.io.tmpdir=C:\devops\apache-tomcat-8.5.50\temp
21-Dec-2023 22:47:00.276 INFORMAÇÕES [main] org.apache.catalina.core.AprLifecycleListener.lifecycleEvent The APR based Apache Tomcat Native library which allows optimal performance in production environments was not found on the java.library.path: [C:\Program Files\Java\jre8\bin;C:\Windows\Sun\Java\bin;C:\Windows\system32;C:\Windows;C:\Program Files\Java\jdk17\bin;C:\Maven\apache-maven-3.9.6\bin;C:\Program Files\Common Files\Oracle\Java\javapath;C:\app\JN\product\21c\dbhomeXE\bin;C:\Windows\system32;C:\Windows;C:\Windows\System32\Wbem;C:\Windows\System32\WindowsPowerShell\v1.0\;C:\Windows\System32\OpenSSH\;C:\Program Files (x86)\dotnet\;C:\Program Files\nodejs\;C:\Program Files\dotnet\;C:\Program Files\Microsoft SQL Server\Client SDK\ODBC\170\Tools\Binn\;C:\Users\JN\AppData\Local\Android\Sdk\platform-tools;C:\Users\JN\AppData\Local\Android\Sdk\emulator;C:\Users\JN\AppData\Local\Android\Sdk\tools\bin;C:\Program Files\MongoDB\Server\7.0\bin;C:\Program Files\Git\cmd;;C:\Program Files\Docker\Docker\resources\bin;C:\Users\JN\AppData\Local\Programs\Python\Python310\Scripts\;C:\Users\JN\AppData\Local\Programs\Python\Python310\;C:\Users\JN\AppData\Local\Microsoft\WindowsApps;C:\Users\JN\AppData\Local\GitHubDesktop\bin;C:\Users\JN\AppData\Local\Programs\Microsoft VS Code\bin;C:\Users\JN\AppData\Roaming\npm;C:\Users\JN\.dotnet\tools;C:\Users\JN\AppData\Local\Programs\mongosh\;.]
21-Dec-2023 22:47:01.821 INFORMAÇÕES [main] org.apache.coyote.AbstractProtocol.init Initializing ProtocolHandler ["http-nio-8001"]
21-Dec-2023 22:47:02.176 INFORMAÇÕES [main] org.apache.tomcat.util.net.NioSelectorPool.getSharedSelector Using a shared selector for servlet write/read
21-Dec-2023 22:47:02.196 INFORMAÇÕES [main] org.apache.coyote.AbstractProtocol.init Initializing ProtocolHandler ["ajp-nio-8009"]
21-Dec-2023 22:47:02.199 INFORMAÇÕES [main] org.apache.tomcat.util.net.NioSelectorPool.getSharedSelector Using a shared selector for servlet write/read
21-Dec-2023 22:47:02.200 INFORMAÇÕES [main] org.apache.catalina.startup.Catalina.load Initialization processed in 2714 ms
21-Dec-2023 22:47:02.256 INFORMAÇÕES [main] org.apache.catalina.core.StandardService.startInternal Starting service [Catalina]
21-Dec-2023 22:47:02.256 INFORMAÇÕES [main] org.apache.catalina.core.StandardEngine.startInternal Starting Servlet Engine: Apache Tomcat/8.5.50
21-Dec-2023 22:47:02.346 INFORMAÇÕES [localhost-startStop-1] org.apache.catalina.startup.HostConfig.deployWAR Deploying web application archive [C:\devops\apache-tomcat-8.5.50\webapps\tasks-backend.war]
21-Dec-2023 22:47:42.000 INFORMAÇÕES [localhost-startStop-1] org.apache.jasper.servlet.TldScanner.scanJars At least one JAR was scanned for TLDs yet contained no TLDs. Enable debug logging for this logger for a complete list of JARs that were scanned but no TLDs were found in them. Skipping unneeded JARs during scanning can improve startup time and JSP compilation time.
21-Dec-2023 22:47:42.073 INFORMAÇÕES [localhost-startStop-1] org.apache.catalina.startup.HostConfig.deployWAR Deployment of web application archive [C:\devops\apache-tomcat-8.5.50\webapps\tasks-backend.war] has finished in [39,726] ms
21-Dec-2023 22:47:42.125 INFORMAÇÕES [localhost-startStop-1] org.apache.catalina.startup.HostConfig.deployWAR Deploying web application archive [C:\devops\apache-tomcat-8.5.50\webapps\tasks.war]
21-Dec-2023 22:47:55.075 INFORMAÇÕES [localhost-startStop-1] org.apache.jasper.servlet.TldScanner.scanJars At least one JAR was scanned for TLDs yet contained no TLDs. Enable debug logging for this logger for a complete list of JARs that were scanned but no TLDs were found in them. Skipping unneeded JARs during scanning can improve startup time and JSP compilation time.
21-Dec-2023 22:47:55.088 INFORMAÇÕES [localhost-startStop-1] org.apache.catalina.startup.HostConfig.deployWAR Deployment of web application archive [C:\devops\apache-tomcat-8.5.50\webapps\tasks.war] has finished in [12,963] ms
21-Dec-2023 22:47:55.089 INFORMAÇÕES [localhost-startStop-1] org.apache.catalina.startup.HostConfig.deployDirectory Deploying web application directory [C:\devops\apache-tomcat-8.5.50\webapps\docs]
21-Dec-2023 22:47:55.138 INFORMAÇÕES [localhost-startStop-1] org.apache.catalina.startup.HostConfig.deployDirectory Deployment of web application directory [C:\devops\apache-tomcat-8.5.50\webapps\docs] has finished in [48] ms
21-Dec-2023 22:47:55.138 INFORMAÇÕES [localhost-startStop-1] org.apache.catalina.startup.HostConfig.deployDirectory Deploying web application directory [C:\devops\apache-tomcat-8.5.50\webapps\examples]
21-Dec-2023 22:47:56.435 INFORMAÇÕES [localhost-startStop-1] org.apache.catalina.startup.HostConfig.deployDirectory Deployment of web application directory [C:\devops\apache-tomcat-8.5.50\webapps\examples] has finished in [1,297] ms
21-Dec-2023 22:47:56.435 INFORMAÇÕES [localhost-startStop-1] org.apache.catalina.startup.HostConfig.deployDirectory Deploying web application directory [C:\devops\apache-tomcat-8.5.50\webapps\host-manager]
21-Dec-2023 22:47:56.510 INFORMAÇÕES [localhost-startStop-1] org.apache.catalina.startup.HostConfig.deployDirectory Deployment of web application directory [C:\devops\apache-tomcat-8.5.50\webapps\host-manager] has finished in [75] ms
21-Dec-2023 22:47:56.510 INFORMAÇÕES [localhost-startStop-1] org.apache.catalina.startup.HostConfig.deployDirectory Deploying web application directory [C:\devops\apache-tomcat-8.5.50\webapps\manager]
21-Dec-2023 22:47:56.571 INFORMAÇÕES [localhost-startStop-1] org.apache.catalina.startup.HostConfig.deployDirectory Deployment of web application directory [C:\devops\apache-tomcat-8.5.50\webapps\manager] has finished in [61] ms
21-Dec-2023 22:47:56.573 INFORMAÇÕES [localhost-startStop-1] org.apache.catalina.startup.HostConfig.deployDirectory Deploying web application directory [C:\devops\apache-tomcat-8.5.50\webapps\ROOT]
21-Dec-2023 22:47:56.611 INFORMAÇÕES [localhost-startStop-1] org.apache.catalina.startup.HostConfig.deployDirectory Deployment of web application directory [C:\devops\apache-tomcat-8.5.50\webapps\ROOT] has finished in [38] ms
21-Dec-2023 22:47:56.618 INFORMAÇÕES [main] org.apache.coyote.AbstractProtocol.start Starting ProtocolHandler ["http-nio-8001"]
21-Dec-2023 22:47:56.633 INFORMAÇÕES [main] org.apache.coyote.AbstractProtocol.start Starting ProtocolHandler ["ajp-nio-8009"]
21-Dec-2023 22:47:56.638 INFORMAÇÕES [main] org.apache.catalina.startup.Catalina.start Server startup in 54437 ms
