03-Jan-2024 22:54:14.325 INFORMAÇÕES [main] org.apache.catalina.startup.VersionLoggerListener.log Server version name:   Apache Tomcat/8.5.50
03-Jan-2024 22:54:14.385 INFORMAÇÕES [main] org.apache.catalina.startup.VersionLoggerListener.log Server built:          Dec 7 2019 19:19:46 UTC
03-Jan-2024 22:54:14.386 INFORMAÇÕES [main] org.apache.catalina.startup.VersionLoggerListener.log Server version number: 8.5.50.0
03-Jan-2024 22:54:14.386 INFORMAÇÕES [main] org.apache.catalina.startup.VersionLoggerListener.log OS Name:               Windows 10
03-Jan-2024 22:54:14.386 INFORMAÇÕES [main] org.apache.catalina.startup.VersionLoggerListener.log OS Version:            10.0
03-Jan-2024 22:54:14.386 INFORMAÇÕES [main] org.apache.catalina.startup.VersionLoggerListener.log Architecture:          amd64
03-Jan-2024 22:54:14.386 INFORMAÇÕES [main] org.apache.catalina.startup.VersionLoggerListener.log Java Home:             C:\Program Files\Java\jre8
03-Jan-2024 22:54:14.387 INFORMAÇÕES [main] org.apache.catalina.startup.VersionLoggerListener.log JVM Version:           1.8.0_202-b08
03-Jan-2024 22:54:14.387 INFORMAÇÕES [main] org.apache.catalina.startup.VersionLoggerListener.log JVM Vendor:            Oracle Corporation
03-Jan-2024 22:54:14.387 INFORMAÇÕES [main] org.apache.catalina.startup.VersionLoggerListener.log CATALINA_BASE:         C:\devops\apache-tomcat-8.5.50
03-Jan-2024 22:54:14.387 INFORMAÇÕES [main] org.apache.catalina.startup.VersionLoggerListener.log CATALINA_HOME:         C:\devops\apache-tomcat-8.5.50
03-Jan-2024 22:54:14.388 INFORMAÇÕES [main] org.apache.catalina.startup.VersionLoggerListener.log Command line argument: -Djava.util.logging.config.file=C:\devops\apache-tomcat-8.5.50\conf\logging.properties
03-Jan-2024 22:54:14.388 INFORMAÇÕES [main] org.apache.catalina.startup.VersionLoggerListener.log Command line argument: -Djava.util.logging.manager=org.apache.juli.ClassLoaderLogManager
03-Jan-2024 22:54:14.388 INFORMAÇÕES [main] org.apache.catalina.startup.VersionLoggerListener.log Command line argument: -Djdk.tls.ephemeralDHKeySize=2048
03-Jan-2024 22:54:14.388 INFORMAÇÕES [main] org.apache.catalina.startup.VersionLoggerListener.log Command line argument: -Djava.protocol.handler.pkgs=org.apache.catalina.webresources
03-Jan-2024 22:54:14.388 INFORMAÇÕES [main] org.apache.catalina.startup.VersionLoggerListener.log Command line argument: -Dignore.endorsed.dirs=
03-Jan-2024 22:54:14.389 INFORMAÇÕES [main] org.apache.catalina.startup.VersionLoggerListener.log Command line argument: -Dcatalina.base=C:\devops\apache-tomcat-8.5.50
03-Jan-2024 22:54:14.391 INFORMAÇÕES [main] org.apache.catalina.startup.VersionLoggerListener.log Command line argument: -Dcatalina.home=C:\devops\apache-tomcat-8.5.50
03-Jan-2024 22:54:14.392 INFORMAÇÕES [main] org.apache.catalina.startup.VersionLoggerListener.log Command line argument: -Djava.io.tmpdir=C:\devops\apache-tomcat-8.5.50\temp
03-Jan-2024 22:54:14.392 INFORMAÇÕES [main] org.apache.catalina.core.AprLifecycleListener.lifecycleEvent The APR based Apache Tomcat Native library which allows optimal performance in production environments was not found on the java.library.path: [C:\Program Files\Java\jre8\bin;C:\Windows\Sun\Java\bin;C:\Windows\system32;C:\Windows;C:\Program Files\Java\jdk17\bin;C:\Maven\apache-maven-3.9.6\bin;C:\Program Files\Common Files\Oracle\Java\javapath;C:\app\JN\product\21c\dbhomeXE\bin;C:\Windows\system32;C:\Windows;C:\Windows\System32\Wbem;C:\Windows\System32\WindowsPowerShell\v1.0\;C:\Windows\System32\OpenSSH\;C:\Program Files (x86)\dotnet\;C:\Program Files\nodejs\;C:\Program Files\dotnet\;C:\Program Files\Microsoft SQL Server\Client SDK\ODBC\170\Tools\Binn\;C:\Users\JN\AppData\Local\Android\Sdk\platform-tools;C:\Users\JN\AppData\Local\Android\Sdk\emulator;C:\Users\JN\AppData\Local\Android\Sdk\tools\bin;C:\Program Files\MongoDB\Server\7.0\bin;C:\Program Files\Git\cmd;C:\Program Files\Docker\Docker\resources\bin;C:\SeleniumDriver;C:\Users\JN\AppData\Local\Programs\Python\Python310\Scripts\;C:\Users\JN\AppData\Local\Programs\Python\Python310\;C:\Users\JN\AppData\Local\Microsoft\WindowsApps;C:\Users\JN\AppData\Local\GitHubDesktop\bin;C:\Users\JN\AppData\Local\Programs\Microsoft VS Code\bin;C:\Users\JN\AppData\Roaming\npm;C:\Users\JN\.dotnet\tools;C:\Users\JN\AppData\Local\Programs\mongosh\;.]
03-Jan-2024 22:54:16.427 INFORMAÇÕES [main] org.apache.coyote.AbstractProtocol.init Initializing ProtocolHandler ["http-nio-8001"]
03-Jan-2024 22:54:16.766 INFORMAÇÕES [main] org.apache.tomcat.util.net.NioSelectorPool.getSharedSelector Using a shared selector for servlet write/read
03-Jan-2024 22:54:16.784 INFORMAÇÕES [main] org.apache.coyote.AbstractProtocol.init Initializing ProtocolHandler ["ajp-nio-8009"]
03-Jan-2024 22:54:16.787 INFORMAÇÕES [main] org.apache.tomcat.util.net.NioSelectorPool.getSharedSelector Using a shared selector for servlet write/read
03-Jan-2024 22:54:16.788 INFORMAÇÕES [main] org.apache.catalina.startup.Catalina.load Initialization processed in 2959 ms
03-Jan-2024 22:54:16.842 INFORMAÇÕES [main] org.apache.catalina.core.StandardService.startInternal Starting service [Catalina]
03-Jan-2024 22:54:16.842 INFORMAÇÕES [main] org.apache.catalina.core.StandardEngine.startInternal Starting Servlet Engine: Apache Tomcat/8.5.50
03-Jan-2024 22:54:16.954 INFORMAÇÕES [localhost-startStop-1] org.apache.catalina.startup.HostConfig.deployWAR Deploying web application archive [C:\devops\apache-tomcat-8.5.50\webapps\tasks-backend.war]
03-Jan-2024 22:54:45.516 INFORMAÇÕES [localhost-startStop-1] org.apache.jasper.servlet.TldScanner.scanJars At least one JAR was scanned for TLDs yet contained no TLDs. Enable debug logging for this logger for a complete list of JARs that were scanned but no TLDs were found in them. Skipping unneeded JARs during scanning can improve startup time and JSP compilation time.
03-Jan-2024 22:54:45.637 INFORMAÇÕES [localhost-startStop-1] org.apache.catalina.startup.HostConfig.deployWAR Deployment of web application archive [C:\devops\apache-tomcat-8.5.50\webapps\tasks-backend.war] has finished in [28,683] ms
03-Jan-2024 22:54:45.707 INFORMAÇÕES [localhost-startStop-1] org.apache.catalina.startup.HostConfig.deployWAR Deploying web application archive [C:\devops\apache-tomcat-8.5.50\webapps\tasks.war]
03-Jan-2024 22:55:00.763 INFORMAÇÕES [localhost-startStop-1] org.apache.jasper.servlet.TldScanner.scanJars At least one JAR was scanned for TLDs yet contained no TLDs. Enable debug logging for this logger for a complete list of JARs that were scanned but no TLDs were found in them. Skipping unneeded JARs during scanning can improve startup time and JSP compilation time.
03-Jan-2024 22:55:00.782 INFORMAÇÕES [localhost-startStop-1] org.apache.catalina.startup.HostConfig.deployWAR Deployment of web application archive [C:\devops\apache-tomcat-8.5.50\webapps\tasks.war] has finished in [15,075] ms
03-Jan-2024 22:55:00.785 INFORMAÇÕES [localhost-startStop-1] org.apache.catalina.startup.HostConfig.deployDirectory Deploying web application directory [C:\devops\apache-tomcat-8.5.50\webapps\docs]
03-Jan-2024 22:55:00.841 INFORMAÇÕES [localhost-startStop-1] org.apache.catalina.startup.HostConfig.deployDirectory Deployment of web application directory [C:\devops\apache-tomcat-8.5.50\webapps\docs] has finished in [56] ms
03-Jan-2024 22:55:00.842 INFORMAÇÕES [localhost-startStop-1] org.apache.catalina.startup.HostConfig.deployDirectory Deploying web application directory [C:\devops\apache-tomcat-8.5.50\webapps\examples]
03-Jan-2024 22:55:02.364 INFORMAÇÕES [localhost-startStop-1] org.apache.catalina.startup.HostConfig.deployDirectory Deployment of web application directory [C:\devops\apache-tomcat-8.5.50\webapps\examples] has finished in [1,521] ms
03-Jan-2024 22:55:02.364 INFORMAÇÕES [localhost-startStop-1] org.apache.catalina.startup.HostConfig.deployDirectory Deploying web application directory [C:\devops\apache-tomcat-8.5.50\webapps\host-manager]
03-Jan-2024 22:55:02.521 INFORMAÇÕES [localhost-startStop-1] org.apache.catalina.startup.HostConfig.deployDirectory Deployment of web application directory [C:\devops\apache-tomcat-8.5.50\webapps\host-manager] has finished in [157] ms
03-Jan-2024 22:55:02.524 INFORMAÇÕES [localhost-startStop-1] org.apache.catalina.startup.HostConfig.deployDirectory Deploying web application directory [C:\devops\apache-tomcat-8.5.50\webapps\manager]
03-Jan-2024 22:55:02.631 INFORMAÇÕES [localhost-startStop-1] org.apache.catalina.startup.HostConfig.deployDirectory Deployment of web application directory [C:\devops\apache-tomcat-8.5.50\webapps\manager] has finished in [107] ms
03-Jan-2024 22:55:02.638 INFORMAÇÕES [localhost-startStop-1] org.apache.catalina.startup.HostConfig.deployDirectory Deploying web application directory [C:\devops\apache-tomcat-8.5.50\webapps\ROOT]
03-Jan-2024 22:55:02.698 INFORMAÇÕES [localhost-startStop-1] org.apache.catalina.startup.HostConfig.deployDirectory Deployment of web application directory [C:\devops\apache-tomcat-8.5.50\webapps\ROOT] has finished in [60] ms
03-Jan-2024 22:55:02.760 INFORMAÇÕES [main] org.apache.coyote.AbstractProtocol.start Starting ProtocolHandler ["http-nio-8001"]
03-Jan-2024 22:55:02.782 INFORMAÇÕES [main] org.apache.coyote.AbstractProtocol.start Starting ProtocolHandler ["ajp-nio-8009"]
03-Jan-2024 22:55:02.791 INFORMAÇÕES [main] org.apache.catalina.startup.Catalina.start Server startup in 46002 ms
03-Jan-2024 23:45:29.513 ADVERTÊNCIA [http-nio-8001-exec-7] org.apache.catalina.loader.WebappClassLoaderBase.clearReferencesJdbc The web application [tasks-backend] registered the JDBC driver [org.postgresql.Driver] but failed to unregister it when the web application was stopped. To prevent a memory leak, the JDBC Driver has been forcibly unregistered.
03-Jan-2024 23:45:30.318 INFORMAÇÕES [http-nio-8001-exec-7] org.apache.catalina.startup.HostConfig.undeploy Undeploying context [/tasks-backend]
03-Jan-2024 23:45:32.368 INFORMAÇÕES [http-nio-8001-exec-2] org.apache.catalina.startup.HostConfig.deployWAR Deploying web application archive [C:\devops\apache-tomcat-8.5.50\webapps\tasks-backend.war]
03-Jan-2024 23:45:54.579 INFORMAÇÕES [http-nio-8001-exec-2] org.apache.jasper.servlet.TldScanner.scanJars At least one JAR was scanned for TLDs yet contained no TLDs. Enable debug logging for this logger for a complete list of JARs that were scanned but no TLDs were found in them. Skipping unneeded JARs during scanning can improve startup time and JSP compilation time.
03-Jan-2024 23:45:54.603 INFORMAÇÕES [http-nio-8001-exec-2] org.apache.catalina.startup.HostConfig.deployWAR Deployment of web application archive [C:\devops\apache-tomcat-8.5.50\webapps\tasks-backend.war] has finished in [22,236] ms
