29-Dec-2023 00:14:57.223 INFORMAÇÕES [http-nio-8001-exec-5] org.apache.coyote.http11.Http11Processor.service Error parsing HTTP request header
 Note: further occurrences of HTTP request parsing errors will be logged at DEBUG level.
	java.lang.IllegalArgumentException: Invalid character found in method name. HTTP method names must be tokens
		at org.apache.coyote.http11.Http11InputBuffer.parseRequestLine(Http11InputBuffer.java:430)
		at org.apache.coyote.http11.Http11Processor.service(Http11Processor.java:502)
		at org.apache.coyote.AbstractProcessorLight.process(AbstractProcessorLight.java:65)
		at org.apache.coyote.AbstractProtocol$ConnectionHandler.process(AbstractProtocol.java:810)
		at org.apache.tomcat.util.net.NioEndpoint$SocketProcessor.doRun(NioEndpoint.java:1623)
		at org.apache.tomcat.util.net.SocketProcessorBase.run(SocketProcessorBase.java:49)
		at java.util.concurrent.ThreadPoolExecutor.runWorker(Unknown Source)
		at java.util.concurrent.ThreadPoolExecutor$Worker.run(Unknown Source)
		at org.apache.tomcat.util.threads.TaskThread$WrappingRunnable.run(TaskThread.java:61)
		at java.lang.Thread.run(Unknown Source)
29-Dec-2023 00:16:19.472 INFORMAÇÕES [http-nio-8001-exec-7] org.apache.catalina.core.StandardContext.reload Reloading Context with name [/tasks] has started
29-Dec-2023 00:16:20.016 INFORMAÇÕES [http-nio-8001-exec-9] org.apache.catalina.core.StandardContext.reload Reloading Context with name [/tasks-backend] has started
29-Dec-2023 00:16:20.198 ADVERTÊNCIA [http-nio-8001-exec-9] org.apache.catalina.loader.WebappClassLoaderBase.clearReferencesJdbc The web application [tasks-backend] registered the JDBC driver [org.postgresql.Driver] but failed to unregister it when the web application was stopped. To prevent a memory leak, the JDBC Driver has been forcibly unregistered.
29-Dec-2023 00:16:33.534 INFORMAÇÕES [http-nio-8001-exec-7] org.apache.jasper.servlet.TldScanner.scanJars At least one JAR was scanned for TLDs yet contained no TLDs. Enable debug logging for this logger for a complete list of JARs that were scanned but no TLDs were found in them. Skipping unneeded JARs during scanning can improve startup time and JSP compilation time.
29-Dec-2023 00:16:33.552 INFORMAÇÕES [http-nio-8001-exec-7] org.apache.catalina.core.StandardContext.reload Reloading Context with name [/tasks] is completed
29-Dec-2023 00:16:41.640 INFORMAÇÕES [http-nio-8001-exec-9] org.apache.jasper.servlet.TldScanner.scanJars At least one JAR was scanned for TLDs yet contained no TLDs. Enable debug logging for this logger for a complete list of JARs that were scanned but no TLDs were found in them. Skipping unneeded JARs during scanning can improve startup time and JSP compilation time.
29-Dec-2023 00:16:41.676 INFORMAÇÕES [http-nio-8001-exec-9] org.apache.catalina.core.StandardContext.reload Reloading Context with name [/tasks-backend] is completed
29-Dec-2023 00:20:57.291 ADVERTÊNCIA [http-nio-8001-exec-13] org.apache.catalina.loader.WebappClassLoaderBase.clearReferencesJdbc The web application [tasks-backend] registered the JDBC driver [org.postgresql.Driver] but failed to unregister it when the web application was stopped. To prevent a memory leak, the JDBC Driver has been forcibly unregistered.
29-Dec-2023 00:20:58.354 INFORMAÇÕES [http-nio-8001-exec-13] org.apache.catalina.startup.HostConfig.undeploy Undeploying context [/tasks-backend]
29-Dec-2023 00:21:00.026 INFORMAÇÕES [http-nio-8001-exec-12] org.apache.catalina.startup.HostConfig.deployWAR Deploying web application archive [C:\devops\apache-tomcat-8.5.50\webapps\tasks-backend.war]
29-Dec-2023 00:21:24.348 INFORMAÇÕES [http-nio-8001-exec-12] org.apache.jasper.servlet.TldScanner.scanJars At least one JAR was scanned for TLDs yet contained no TLDs. Enable debug logging for this logger for a complete list of JARs that were scanned but no TLDs were found in them. Skipping unneeded JARs during scanning can improve startup time and JSP compilation time.
29-Dec-2023 00:21:24.387 INFORMAÇÕES [http-nio-8001-exec-12] org.apache.catalina.startup.HostConfig.deployWAR Deployment of web application archive [C:\devops\apache-tomcat-8.5.50\webapps\tasks-backend.war] has finished in [24,362] ms
29-Dec-2023 00:22:31.681 INFORMAÇÕES [http-nio-8001-exec-23] org.apache.catalina.startup.HostConfig.undeploy Undeploying context [/tasks]
29-Dec-2023 00:22:32.536 INFORMAÇÕES [http-nio-8001-exec-11] org.apache.catalina.startup.HostConfig.deployWAR Deploying web application archive [C:\devops\apache-tomcat-8.5.50\webapps\tasks.war]
29-Dec-2023 00:22:43.676 INFORMAÇÕES [http-nio-8001-exec-11] org.apache.jasper.servlet.TldScanner.scanJars At least one JAR was scanned for TLDs yet contained no TLDs. Enable debug logging for this logger for a complete list of JARs that were scanned but no TLDs were found in them. Skipping unneeded JARs during scanning can improve startup time and JSP compilation time.
29-Dec-2023 00:22:43.691 INFORMAÇÕES [http-nio-8001-exec-11] org.apache.catalina.startup.HostConfig.deployWAR Deployment of web application archive [C:\devops\apache-tomcat-8.5.50\webapps\tasks.war] has finished in [11,154] ms
