23-Dec-2023 11:22:29.402 INFORMAÇÕES [localhost-startStop-1] org.apache.catalina.core.ApplicationContext.log 2 Spring WebApplicationInitializers detected on classpath
23-Dec-2023 11:22:36.479 INFORMAÇÕES [localhost-startStop-1] org.apache.catalina.core.ApplicationContext.log Initializing Spring embedded WebApplicationContext
23-Dec-2023 11:23:00.933 INFORMAÇÕES [localhost-startStop-1] org.apache.catalina.core.ApplicationContext.log 3 Spring WebApplicationInitializers detected on classpath
23-Dec-2023 11:23:07.807 INFORMAÇÕES [localhost-startStop-1] org.apache.catalina.core.ApplicationContext.log Initializing Spring embedded WebApplicationContext
23-Dec-2023 11:23:10.819 INFORMAÇÕES [localhost-startStop-1] org.apache.catalina.core.ApplicationContext.log Initializing Spring embedded WebApplicationContext
23-Dec-2023 11:23:13.020 INFORMAÇÕES [localhost-startStop-1] org.apache.catalina.core.ApplicationContext.log ContextListener: contextInitialized()
23-Dec-2023 11:23:13.020 INFORMAÇÕES [localhost-startStop-1] org.apache.catalina.core.ApplicationContext.log SessionListener: contextInitialized()
23-Dec-2023 11:23:13.030 INFORMAÇÕES [localhost-startStop-1] org.apache.catalina.core.ApplicationContext.log ContextListener: attributeAdded('StockTicker', 'async.Stockticker@6c1e7835')
23-Dec-2023 11:32:06.816 INFORMAÇÕES [http-nio-8001-exec-6] org.apache.catalina.core.ApplicationContext.log Closing Spring root WebApplicationContext
23-Dec-2023 11:32:57.563 INFORMAÇÕES [http-nio-8001-exec-8] org.apache.catalina.core.ApplicationContext.log 2 Spring WebApplicationInitializers detected on classpath
23-Dec-2023 11:33:02.647 INFORMAÇÕES [http-nio-8001-exec-8] org.apache.catalina.core.ApplicationContext.log Initializing Spring embedded WebApplicationContext
23-Dec-2023 11:33:23.475 INFORMAÇÕES [http-nio-8001-exec-11] org.apache.catalina.core.ApplicationContext.log Closing Spring root WebApplicationContext
23-Dec-2023 11:33:49.178 INFORMAÇÕES [http-nio-8001-exec-13] org.apache.catalina.core.ApplicationContext.log Initializing Spring DispatcherServlet 'dispatcherServlet'
23-Dec-2023 11:38:05.371 INFORMAÇÕES [http-nio-8001-exec-20] org.apache.catalina.core.ApplicationContext.log 2 Spring WebApplicationInitializers detected on classpath
23-Dec-2023 11:38:12.417 INFORMAÇÕES [http-nio-8001-exec-20] org.apache.catalina.core.ApplicationContext.log Initializing Spring embedded WebApplicationContext
23-Dec-2023 11:39:01.368 INFORMAÇÕES [http-nio-8001-exec-23] org.apache.catalina.core.ApplicationContext.log Initializing Spring DispatcherServlet 'dispatcherServlet'
23-Dec-2023 11:46:54.785 INFORMAÇÕES [http-nio-8001-exec-17] org.apache.catalina.core.ApplicationContext.log Destroying Spring FrameworkServlet 'dispatcherServlet'
23-Dec-2023 11:46:54.787 INFORMAÇÕES [http-nio-8001-exec-17] org.apache.catalina.core.ApplicationContext.log Closing Spring root WebApplicationContext
23-Dec-2023 11:46:54.816 INFORMAÇÕES [http-nio-8001-exec-17] org.apache.catalina.core.ApplicationContext.log Closing Spring root WebApplicationContext
23-Dec-2023 11:48:49.678 INFORMAÇÕES [http-nio-8001-exec-29] org.apache.catalina.core.ApplicationContext.log 3 Spring WebApplicationInitializers detected on classpath
23-Dec-2023 11:48:53.433 INFORMAÇÕES [http-nio-8001-exec-29] org.apache.catalina.core.ApplicationContext.log Initializing Spring embedded WebApplicationContext
23-Dec-2023 11:48:55.365 INFORMAÇÕES [http-nio-8001-exec-29] org.apache.catalina.core.ApplicationContext.log Initializing Spring embedded WebApplicationContext
23-Dec-2023 11:49:40.262 INFORMAÇÕES [http-nio-8001-exec-31] org.apache.catalina.core.ApplicationContext.log Initializing Spring DispatcherServlet 'dispatcherServlet'
23-Dec-2023 11:49:45.105 INFORMAÇÕES [http-nio-8001-exec-28] org.apache.catalina.core.ApplicationContext.log Destroying Spring FrameworkServlet 'dispatcherServlet'
23-Dec-2023 11:49:45.106 INFORMAÇÕES [http-nio-8001-exec-28] org.apache.catalina.core.ApplicationContext.log Closing Spring root WebApplicationContext
23-Dec-2023 11:49:45.116 INFORMAÇÕES [http-nio-8001-exec-28] org.apache.catalina.core.ApplicationContext.log Closing Spring root WebApplicationContext
23-Dec-2023 11:50:35.873 INFORMAÇÕES [localhost-startStop-1] org.apache.catalina.core.ApplicationContext.log 2 Spring WebApplicationInitializers detected on classpath
23-Dec-2023 11:50:41.320 INFORMAÇÕES [localhost-startStop-1] org.apache.catalina.core.ApplicationContext.log Initializing Spring embedded WebApplicationContext
23-Dec-2023 11:50:49.089 INFORMAÇÕES [localhost-startStop-1] org.apache.catalina.core.ApplicationContext.log ContextListener: contextInitialized()
23-Dec-2023 11:50:49.089 INFORMAÇÕES [localhost-startStop-1] org.apache.catalina.core.ApplicationContext.log SessionListener: contextInitialized()
23-Dec-2023 11:50:49.092 INFORMAÇÕES [localhost-startStop-1] org.apache.catalina.core.ApplicationContext.log ContextListener: attributeAdded('StockTicker', 'async.Stockticker@33b6282e')
23-Dec-2023 11:51:22.647 INFORMAÇÕES [http-nio-8001-exec-8] org.apache.catalina.core.ApplicationContext.log Initializing Spring DispatcherServlet 'dispatcherServlet'
23-Dec-2023 11:51:39.582 INFORMAÇÕES [http-nio-8001-exec-10] org.apache.catalina.core.ApplicationContext.log 3 Spring WebApplicationInitializers detected on classpath
23-Dec-2023 11:51:43.536 INFORMAÇÕES [http-nio-8001-exec-10] org.apache.catalina.core.ApplicationContext.log Initializing Spring embedded WebApplicationContext
23-Dec-2023 11:51:45.333 INFORMAÇÕES [http-nio-8001-exec-10] org.apache.catalina.core.ApplicationContext.log Initializing Spring embedded WebApplicationContext
23-Dec-2023 11:51:55.986 INFORMAÇÕES [http-nio-8001-exec-7] org.apache.catalina.core.ApplicationContext.log Initializing Spring DispatcherServlet 'dispatcherServlet'
23-Dec-2023 11:54:29.053 INFORMAÇÕES [http-nio-8001-exec-10] org.apache.catalina.core.ApplicationContext.log Destroying Spring FrameworkServlet 'dispatcherServlet'
23-Dec-2023 11:54:29.054 INFORMAÇÕES [http-nio-8001-exec-10] org.apache.catalina.core.ApplicationContext.log Closing Spring root WebApplicationContext
23-Dec-2023 11:54:29.091 INFORMAÇÕES [http-nio-8001-exec-10] org.apache.catalina.core.ApplicationContext.log Closing Spring root WebApplicationContext
23-Dec-2023 11:54:36.860 INFORMAÇÕES [http-nio-8001-exec-6] org.apache.catalina.core.ApplicationContext.log 3 Spring WebApplicationInitializers detected on classpath
23-Dec-2023 11:54:43.141 INFORMAÇÕES [http-nio-8001-exec-6] org.apache.catalina.core.ApplicationContext.log Initializing Spring embedded WebApplicationContext
23-Dec-2023 11:54:45.893 INFORMAÇÕES [http-nio-8001-exec-6] org.apache.catalina.core.ApplicationContext.log Initializing Spring embedded WebApplicationContext
23-Dec-2023 11:55:24.545 INFORMAÇÕES [http-nio-8001-exec-14] org.apache.catalina.core.ApplicationContext.log Closing Spring root WebApplicationContext
23-Dec-2023 11:55:24.564 INFORMAÇÕES [http-nio-8001-exec-14] org.apache.catalina.core.ApplicationContext.log Closing Spring root WebApplicationContext
23-Dec-2023 11:55:31.876 INFORMAÇÕES [http-nio-8001-exec-11] org.apache.catalina.core.ApplicationContext.log 3 Spring WebApplicationInitializers detected on classpath
23-Dec-2023 11:55:37.042 INFORMAÇÕES [http-nio-8001-exec-11] org.apache.catalina.core.ApplicationContext.log Initializing Spring embedded WebApplicationContext
23-Dec-2023 11:55:41.349 INFORMAÇÕES [http-nio-8001-exec-11] org.apache.catalina.core.ApplicationContext.log Initializing Spring embedded WebApplicationContext
23-Dec-2023 12:18:39.167 INFORMAÇÕES [http-nio-8001-exec-17] org.apache.catalina.core.ApplicationContext.log Closing Spring root WebApplicationContext
23-Dec-2023 12:18:39.186 INFORMAÇÕES [http-nio-8001-exec-17] org.apache.catalina.core.ApplicationContext.log Closing Spring root WebApplicationContext
23-Dec-2023 12:18:46.366 INFORMAÇÕES [http-nio-8001-exec-16] org.apache.catalina.core.ApplicationContext.log 3 Spring WebApplicationInitializers detected on classpath
23-Dec-2023 12:18:51.828 INFORMAÇÕES [http-nio-8001-exec-16] org.apache.catalina.core.ApplicationContext.log Initializing Spring embedded WebApplicationContext
23-Dec-2023 12:18:54.326 INFORMAÇÕES [http-nio-8001-exec-16] org.apache.catalina.core.ApplicationContext.log Initializing Spring embedded WebApplicationContext
23-Dec-2023 12:19:48.017 INFORMAÇÕES [http-nio-8001-exec-25] org.apache.catalina.core.ApplicationContext.log Initializing Spring DispatcherServlet 'dispatcherServlet'
23-Dec-2023 12:32:44.954 INFORMAÇÕES [http-nio-8001-exec-31] org.apache.catalina.core.ApplicationContext.log Destroying Spring FrameworkServlet 'dispatcherServlet'
23-Dec-2023 12:32:44.956 INFORMAÇÕES [http-nio-8001-exec-31] org.apache.catalina.core.ApplicationContext.log Closing Spring root WebApplicationContext
23-Dec-2023 12:33:15.788 INFORMAÇÕES [http-nio-8001-exec-25] org.apache.catalina.core.ApplicationContext.log Destroying Spring FrameworkServlet 'dispatcherServlet'
23-Dec-2023 12:33:15.789 INFORMAÇÕES [http-nio-8001-exec-25] org.apache.catalina.core.ApplicationContext.log Closing Spring root WebApplicationContext
23-Dec-2023 12:33:15.822 INFORMAÇÕES [http-nio-8001-exec-25] org.apache.catalina.core.ApplicationContext.log Closing Spring root WebApplicationContext
23-Dec-2023 12:35:17.272 INFORMAÇÕES [http-nio-8001-exec-43] org.apache.catalina.core.ApplicationContext.log 2 Spring WebApplicationInitializers detected on classpath
23-Dec-2023 12:35:22.446 INFORMAÇÕES [http-nio-8001-exec-43] org.apache.catalina.core.ApplicationContext.log Initializing Spring embedded WebApplicationContext
23-Dec-2023 12:36:01.841 INFORMAÇÕES [http-nio-8001-exec-42] org.apache.catalina.core.ApplicationContext.log 3 Spring WebApplicationInitializers detected on classpath
23-Dec-2023 12:36:06.395 INFORMAÇÕES [http-nio-8001-exec-42] org.apache.catalina.core.ApplicationContext.log Initializing Spring embedded WebApplicationContext
23-Dec-2023 12:36:08.301 INFORMAÇÕES [http-nio-8001-exec-42] org.apache.catalina.core.ApplicationContext.log Initializing Spring embedded WebApplicationContext
23-Dec-2023 12:37:47.257 INFORMAÇÕES [http-nio-8001-exec-42] org.apache.catalina.core.ApplicationContext.log Initializing Spring DispatcherServlet 'dispatcherServlet'
23-Dec-2023 12:37:47.492 INFORMAÇÕES [http-nio-8001-exec-47] org.apache.catalina.core.ApplicationContext.log Initializing Spring DispatcherServlet 'dispatcherServlet'
23-Dec-2023 12:41:07.996 INFORMAÇÕES [http-nio-8001-exec-44] org.apache.catalina.core.ApplicationContext.log Destroying Spring FrameworkServlet 'dispatcherServlet'
23-Dec-2023 12:41:07.997 INFORMAÇÕES [http-nio-8001-exec-44] org.apache.catalina.core.ApplicationContext.log Closing Spring root WebApplicationContext
23-Dec-2023 12:41:20.456 INFORMAÇÕES [http-nio-8001-exec-47] org.apache.catalina.core.ApplicationContext.log 2 Spring WebApplicationInitializers detected on classpath
23-Dec-2023 12:41:26.444 INFORMAÇÕES [http-nio-8001-exec-47] org.apache.catalina.core.ApplicationContext.log Initializing Spring embedded WebApplicationContext
23-Dec-2023 12:41:54.837 INFORMAÇÕES [http-nio-8001-exec-50] org.apache.catalina.core.ApplicationContext.log Destroying Spring FrameworkServlet 'dispatcherServlet'
23-Dec-2023 12:41:54.839 INFORMAÇÕES [http-nio-8001-exec-50] org.apache.catalina.core.ApplicationContext.log Closing Spring root WebApplicationContext
23-Dec-2023 12:41:54.855 INFORMAÇÕES [http-nio-8001-exec-50] org.apache.catalina.core.ApplicationContext.log Closing Spring root WebApplicationContext
23-Dec-2023 12:42:03.957 INFORMAÇÕES [http-nio-8001-exec-52] org.apache.catalina.core.ApplicationContext.log 3 Spring WebApplicationInitializers detected on classpath
23-Dec-2023 12:42:07.276 INFORMAÇÕES [http-nio-8001-exec-52] org.apache.catalina.core.ApplicationContext.log Initializing Spring embedded WebApplicationContext
23-Dec-2023 12:42:08.964 INFORMAÇÕES [http-nio-8001-exec-52] org.apache.catalina.core.ApplicationContext.log Initializing Spring embedded WebApplicationContext
23-Dec-2023 18:53:09.123 INFORMAÇÕES [localhost-startStop-1] org.apache.catalina.core.ApplicationContext.log 2 Spring WebApplicationInitializers detected on classpath
23-Dec-2023 18:53:15.116 INFORMAÇÕES [localhost-startStop-1] org.apache.catalina.core.ApplicationContext.log Initializing Spring embedded WebApplicationContext
23-Dec-2023 18:53:49.643 INFORMAÇÕES [localhost-startStop-1] org.apache.catalina.core.ApplicationContext.log 3 Spring WebApplicationInitializers detected on classpath
23-Dec-2023 18:53:59.111 INFORMAÇÕES [localhost-startStop-1] org.apache.catalina.core.ApplicationContext.log Initializing Spring embedded WebApplicationContext
23-Dec-2023 18:54:02.197 INFORMAÇÕES [localhost-startStop-1] org.apache.catalina.core.ApplicationContext.log Initializing Spring embedded WebApplicationContext
23-Dec-2023 18:54:04.216 INFORMAÇÕES [localhost-startStop-1] org.apache.catalina.core.ApplicationContext.log ContextListener: contextInitialized()
23-Dec-2023 18:54:04.216 INFORMAÇÕES [localhost-startStop-1] org.apache.catalina.core.ApplicationContext.log SessionListener: contextInitialized()
23-Dec-2023 18:54:04.220 INFORMAÇÕES [localhost-startStop-1] org.apache.catalina.core.ApplicationContext.log ContextListener: attributeAdded('StockTicker', 'async.Stockticker@3ecdfb1e')
23-Dec-2023 19:36:52.032 INFORMAÇÕES [http-nio-8001-exec-2] org.apache.catalina.core.ApplicationContext.log Closing Spring root WebApplicationContext
23-Dec-2023 19:36:52.084 INFORMAÇÕES [http-nio-8001-exec-2] org.apache.catalina.core.ApplicationContext.log Closing Spring root WebApplicationContext
23-Dec-2023 19:36:58.530 INFORMAÇÕES [http-nio-8001-exec-1] org.apache.catalina.core.ApplicationContext.log 3 Spring WebApplicationInitializers detected on classpath
23-Dec-2023 19:37:03.479 INFORMAÇÕES [http-nio-8001-exec-1] org.apache.catalina.core.ApplicationContext.log Initializing Spring embedded WebApplicationContext
23-Dec-2023 19:37:05.875 INFORMAÇÕES [http-nio-8001-exec-1] org.apache.catalina.core.ApplicationContext.log Initializing Spring embedded WebApplicationContext
