26-Dec-2023 09:10:30.491 INFORMAÇÕES [localhost-startStop-1] org.apache.catalina.core.ApplicationContext.log 2 Spring WebApplicationInitializers detected on classpath
26-Dec-2023 09:10:37.423 INFORMAÇÕES [localhost-startStop-1] org.apache.catalina.core.ApplicationContext.log Initializing Spring embedded WebApplicationContext
26-Dec-2023 09:10:59.266 INFORMAÇÕES [localhost-startStop-1] org.apache.catalina.core.ApplicationContext.log 3 Spring WebApplicationInitializers detected on classpath
26-Dec-2023 09:11:06.599 INFORMAÇÕES [localhost-startStop-1] org.apache.catalina.core.ApplicationContext.log Initializing Spring embedded WebApplicationContext
26-Dec-2023 09:11:09.688 INFORMAÇÕES [localhost-startStop-1] org.apache.catalina.core.ApplicationContext.log Initializing Spring embedded WebApplicationContext
26-Dec-2023 09:11:13.857 INFORMAÇÕES [localhost-startStop-1] org.apache.catalina.core.ApplicationContext.log ContextListener: contextInitialized()
26-Dec-2023 09:11:13.857 INFORMAÇÕES [localhost-startStop-1] org.apache.catalina.core.ApplicationContext.log SessionListener: contextInitialized()
26-Dec-2023 09:11:13.860 INFORMAÇÕES [localhost-startStop-1] org.apache.catalina.core.ApplicationContext.log ContextListener: attributeAdded('StockTicker', 'async.Stockticker@5a7bdfff')
26-Dec-2023 10:52:25.543 INFORMAÇÕES [http-nio-8001-exec-3] org.apache.catalina.core.ApplicationContext.log 2 Spring WebApplicationInitializers detected on classpath
26-Dec-2023 10:52:34.438 INFORMAÇÕES [http-nio-8001-exec-3] org.apache.catalina.core.ApplicationContext.log Initializing Spring embedded WebApplicationContext
26-Dec-2023 10:53:47.139 INFORMAÇÕES [http-nio-8001-exec-12] org.apache.catalina.core.ApplicationContext.log Closing Spring root WebApplicationContext
26-Dec-2023 10:53:47.728 INFORMAÇÕES [http-nio-8001-exec-12] org.apache.catalina.core.ApplicationContext.log Closing Spring root WebApplicationContext
26-Dec-2023 10:53:59.538 INFORMAÇÕES [http-nio-8001-exec-6] org.apache.catalina.core.ApplicationContext.log 3 Spring WebApplicationInitializers detected on classpath
26-Dec-2023 10:54:01.258 INFORMAÇÕES [http-nio-8001-exec-13] org.apache.catalina.core.ApplicationContext.log Closing Spring root WebApplicationContext
26-Dec-2023 10:54:05.384 INFORMAÇÕES [http-nio-8001-exec-6] org.apache.catalina.core.ApplicationContext.log Initializing Spring embedded WebApplicationContext
26-Dec-2023 10:54:07.927 INFORMAÇÕES [http-nio-8001-exec-6] org.apache.catalina.core.ApplicationContext.log Initializing Spring embedded WebApplicationContext
26-Dec-2023 10:54:19.705 INFORMAÇÕES [http-nio-8001-exec-14] org.apache.catalina.core.ApplicationContext.log 2 Spring WebApplicationInitializers detected on classpath
26-Dec-2023 10:54:27.847 INFORMAÇÕES [http-nio-8001-exec-14] org.apache.catalina.core.ApplicationContext.log Initializing Spring embedded WebApplicationContext
26-Dec-2023 10:55:14.059 INFORMAÇÕES [http-nio-8001-exec-18] org.apache.catalina.core.ApplicationContext.log Closing Spring root WebApplicationContext
26-Dec-2023 10:55:14.181 INFORMAÇÕES [http-nio-8001-exec-18] org.apache.catalina.core.ApplicationContext.log Closing Spring root WebApplicationContext
26-Dec-2023 10:55:22.445 INFORMAÇÕES [http-nio-8001-exec-21] org.apache.catalina.core.ApplicationContext.log 3 Spring WebApplicationInitializers detected on classpath
26-Dec-2023 10:55:26.660 INFORMAÇÕES [http-nio-8001-exec-21] org.apache.catalina.core.ApplicationContext.log Initializing Spring embedded WebApplicationContext
26-Dec-2023 10:55:28.896 INFORMAÇÕES [http-nio-8001-exec-21] org.apache.catalina.core.ApplicationContext.log Initializing Spring embedded WebApplicationContext
26-Dec-2023 11:07:59.216 INFORMAÇÕES [http-nio-8001-exec-23] org.apache.catalina.core.ApplicationContext.log Closing Spring root WebApplicationContext
26-Dec-2023 11:08:13.767 INFORMAÇÕES [http-nio-8001-exec-22] org.apache.catalina.core.ApplicationContext.log 2 Spring WebApplicationInitializers detected on classpath
26-Dec-2023 11:08:20.661 INFORMAÇÕES [http-nio-8001-exec-22] org.apache.catalina.core.ApplicationContext.log Initializing Spring embedded WebApplicationContext
26-Dec-2023 11:09:03.884 INFORMAÇÕES [http-nio-8001-exec-34] org.apache.catalina.core.ApplicationContext.log Closing Spring root WebApplicationContext
26-Dec-2023 11:09:04.008 INFORMAÇÕES [http-nio-8001-exec-34] org.apache.catalina.core.ApplicationContext.log Closing Spring root WebApplicationContext
26-Dec-2023 11:09:09.965 INFORMAÇÕES [http-nio-8001-exec-35] org.apache.catalina.core.ApplicationContext.log 3 Spring WebApplicationInitializers detected on classpath
26-Dec-2023 11:09:14.678 INFORMAÇÕES [http-nio-8001-exec-35] org.apache.catalina.core.ApplicationContext.log Initializing Spring embedded WebApplicationContext
26-Dec-2023 11:09:17.134 INFORMAÇÕES [http-nio-8001-exec-35] org.apache.catalina.core.ApplicationContext.log Initializing Spring embedded WebApplicationContext
26-Dec-2023 11:18:38.137 INFORMAÇÕES [http-nio-8001-exec-39] org.apache.catalina.core.ApplicationContext.log Initializing Spring DispatcherServlet 'dispatcherServlet'
26-Dec-2023 11:18:38.748 INFORMAÇÕES [http-nio-8001-exec-40] org.apache.catalina.core.ApplicationContext.log Initializing Spring DispatcherServlet 'dispatcherServlet'
26-Dec-2023 12:36:27.011 INFORMAÇÕES [localhost-startStop-1] org.apache.catalina.core.ApplicationContext.log 2 Spring WebApplicationInitializers detected on classpath
26-Dec-2023 12:36:37.067 INFORMAÇÕES [localhost-startStop-1] org.apache.catalina.core.ApplicationContext.log Initializing Spring embedded WebApplicationContext
26-Dec-2023 12:37:03.968 INFORMAÇÕES [localhost-startStop-1] org.apache.catalina.core.ApplicationContext.log 3 Spring WebApplicationInitializers detected on classpath
26-Dec-2023 12:37:19.857 INFORMAÇÕES [localhost-startStop-1] org.apache.catalina.core.ApplicationContext.log Initializing Spring embedded WebApplicationContext
26-Dec-2023 12:37:23.007 INFORMAÇÕES [localhost-startStop-1] org.apache.catalina.core.ApplicationContext.log Initializing Spring embedded WebApplicationContext
26-Dec-2023 12:37:25.975 INFORMAÇÕES [localhost-startStop-1] org.apache.catalina.core.ApplicationContext.log ContextListener: contextInitialized()
26-Dec-2023 12:37:25.975 INFORMAÇÕES [localhost-startStop-1] org.apache.catalina.core.ApplicationContext.log SessionListener: contextInitialized()
26-Dec-2023 12:37:25.980 INFORMAÇÕES [localhost-startStop-1] org.apache.catalina.core.ApplicationContext.log ContextListener: attributeAdded('StockTicker', 'async.Stockticker@5f334203')
26-Dec-2023 12:53:30.932 INFORMAÇÕES [http-nio-8001-exec-2] org.apache.catalina.core.ApplicationContext.log Initializing Spring DispatcherServlet 'dispatcherServlet'
26-Dec-2023 12:54:40.692 INFORMAÇÕES [http-nio-8001-exec-2] org.apache.catalina.core.ApplicationContext.log 2 Spring WebApplicationInitializers detected on classpath
26-Dec-2023 12:54:45.826 INFORMAÇÕES [http-nio-8001-exec-2] org.apache.catalina.core.ApplicationContext.log Initializing Spring embedded WebApplicationContext
26-Dec-2023 12:55:04.721 INFORMAÇÕES [http-nio-8001-exec-8] org.apache.catalina.core.ApplicationContext.log Initializing Spring DispatcherServlet 'dispatcherServlet'
26-Dec-2023 12:55:21.270 INFORMAÇÕES [http-nio-8001-exec-12] org.apache.catalina.core.ApplicationContext.log Destroying Spring FrameworkServlet 'dispatcherServlet'
26-Dec-2023 12:55:21.296 INFORMAÇÕES [http-nio-8001-exec-12] org.apache.catalina.core.ApplicationContext.log Closing Spring root WebApplicationContext
26-Dec-2023 12:55:21.769 INFORMAÇÕES [http-nio-8001-exec-12] org.apache.catalina.core.ApplicationContext.log Closing Spring root WebApplicationContext
26-Dec-2023 12:55:26.895 INFORMAÇÕES [http-nio-8001-exec-15] org.apache.catalina.core.ApplicationContext.log 3 Spring WebApplicationInitializers detected on classpath
26-Dec-2023 12:55:31.495 INFORMAÇÕES [http-nio-8001-exec-15] org.apache.catalina.core.ApplicationContext.log Initializing Spring embedded WebApplicationContext
26-Dec-2023 12:55:33.324 INFORMAÇÕES [http-nio-8001-exec-15] org.apache.catalina.core.ApplicationContext.log Initializing Spring embedded WebApplicationContext
26-Dec-2023 12:57:53.974 INFORMAÇÕES [http-nio-8001-exec-24] org.apache.catalina.core.ApplicationContext.log Destroying Spring FrameworkServlet 'dispatcherServlet'
26-Dec-2023 12:57:53.979 INFORMAÇÕES [http-nio-8001-exec-24] org.apache.catalina.core.ApplicationContext.log Closing Spring root WebApplicationContext
26-Dec-2023 12:58:10.471 INFORMAÇÕES [http-nio-8001-exec-23] org.apache.catalina.core.ApplicationContext.log 2 Spring WebApplicationInitializers detected on classpath
26-Dec-2023 12:58:16.555 INFORMAÇÕES [http-nio-8001-exec-23] org.apache.catalina.core.ApplicationContext.log Initializing Spring embedded WebApplicationContext
26-Dec-2023 12:58:46.529 INFORMAÇÕES [http-nio-8001-exec-20] org.apache.catalina.core.ApplicationContext.log Initializing Spring DispatcherServlet 'dispatcherServlet'
26-Dec-2023 12:59:15.892 INFORMAÇÕES [http-nio-8001-exec-30] org.apache.catalina.core.ApplicationContext.log Closing Spring root WebApplicationContext
26-Dec-2023 12:59:15.907 INFORMAÇÕES [http-nio-8001-exec-30] org.apache.catalina.core.ApplicationContext.log Closing Spring root WebApplicationContext
26-Dec-2023 12:59:20.807 INFORMAÇÕES [http-nio-8001-exec-29] org.apache.catalina.core.ApplicationContext.log 3 Spring WebApplicationInitializers detected on classpath
26-Dec-2023 12:59:24.533 INFORMAÇÕES [http-nio-8001-exec-29] org.apache.catalina.core.ApplicationContext.log Initializing Spring embedded WebApplicationContext
26-Dec-2023 12:59:26.323 INFORMAÇÕES [http-nio-8001-exec-29] org.apache.catalina.core.ApplicationContext.log Initializing Spring embedded WebApplicationContext
26-Dec-2023 17:37:32.563 INFORMAÇÕES [http-nio-8001-exec-35] org.apache.catalina.core.ApplicationContext.log Initializing Spring DispatcherServlet 'dispatcherServlet'
26-Dec-2023 19:06:04.441 INFORMAÇÕES [localhost-startStop-1] org.apache.catalina.core.ApplicationContext.log 2 Spring WebApplicationInitializers detected on classpath
26-Dec-2023 19:06:19.148 INFORMAÇÕES [localhost-startStop-1] org.apache.catalina.core.ApplicationContext.log Initializing Spring embedded WebApplicationContext
26-Dec-2023 19:06:48.038 INFORMAÇÕES [localhost-startStop-1] org.apache.catalina.core.ApplicationContext.log 3 Spring WebApplicationInitializers detected on classpath
26-Dec-2023 19:06:53.404 INFORMAÇÕES [localhost-startStop-1] org.apache.catalina.core.ApplicationContext.log Initializing Spring embedded WebApplicationContext
26-Dec-2023 19:06:55.762 INFORMAÇÕES [localhost-startStop-1] org.apache.catalina.core.ApplicationContext.log Initializing Spring embedded WebApplicationContext
26-Dec-2023 19:06:56.899 INFORMAÇÕES [localhost-startStop-1] org.apache.catalina.core.ApplicationContext.log ContextListener: contextInitialized()
26-Dec-2023 19:06:56.900 INFORMAÇÕES [localhost-startStop-1] org.apache.catalina.core.ApplicationContext.log SessionListener: contextInitialized()
26-Dec-2023 19:06:56.902 INFORMAÇÕES [localhost-startStop-1] org.apache.catalina.core.ApplicationContext.log ContextListener: attributeAdded('StockTicker', 'async.Stockticker@63df3d1e')
26-Dec-2023 19:08:57.418 INFORMAÇÕES [http-nio-8001-exec-2] org.apache.catalina.core.ApplicationContext.log Initializing Spring DispatcherServlet 'dispatcherServlet'
26-Dec-2023 19:08:57.873 INFORMAÇÕES [http-nio-8001-exec-5] org.apache.catalina.core.ApplicationContext.log Initializing Spring DispatcherServlet 'dispatcherServlet'
26-Dec-2023 19:10:25.014 INFORMAÇÕES [http-nio-8001-exec-6] org.apache.catalina.core.ApplicationContext.log Destroying Spring FrameworkServlet 'dispatcherServlet'
26-Dec-2023 19:10:25.015 INFORMAÇÕES [http-nio-8001-exec-6] org.apache.catalina.core.ApplicationContext.log Closing Spring root WebApplicationContext
26-Dec-2023 19:10:35.300 INFORMAÇÕES [http-nio-8001-exec-4] org.apache.catalina.core.ApplicationContext.log 2 Spring WebApplicationInitializers detected on classpath
26-Dec-2023 19:10:42.211 INFORMAÇÕES [http-nio-8001-exec-4] org.apache.catalina.core.ApplicationContext.log Initializing Spring embedded WebApplicationContext
26-Dec-2023 19:11:08.627 INFORMAÇÕES [http-nio-8001-exec-9] org.apache.catalina.core.ApplicationContext.log Initializing Spring DispatcherServlet 'dispatcherServlet'
26-Dec-2023 19:11:33.300 INFORMAÇÕES [http-nio-8001-exec-13] org.apache.catalina.core.ApplicationContext.log Destroying Spring FrameworkServlet 'dispatcherServlet'
26-Dec-2023 19:11:33.301 INFORMAÇÕES [http-nio-8001-exec-13] org.apache.catalina.core.ApplicationContext.log Closing Spring root WebApplicationContext
26-Dec-2023 19:11:33.318 INFORMAÇÕES [http-nio-8001-exec-13] org.apache.catalina.core.ApplicationContext.log Closing Spring root WebApplicationContext
26-Dec-2023 19:11:37.725 INFORMAÇÕES [http-nio-8001-exec-2] org.apache.catalina.core.ApplicationContext.log 3 Spring WebApplicationInitializers detected on classpath
26-Dec-2023 19:11:41.317 INFORMAÇÕES [http-nio-8001-exec-2] org.apache.catalina.core.ApplicationContext.log Initializing Spring embedded WebApplicationContext
26-Dec-2023 19:11:43.091 INFORMAÇÕES [http-nio-8001-exec-2] org.apache.catalina.core.ApplicationContext.log Initializing Spring embedded WebApplicationContext
26-Dec-2023 19:12:06.357 INFORMAÇÕES [http-nio-8001-exec-11] org.apache.catalina.core.ApplicationContext.log Initializing Spring DispatcherServlet 'dispatcherServlet'
