26-Dec-2023 10:52:07.363 INFORMAÇÕES [http-nio-8001-exec-1] org.apache.catalina.core.ApplicationContext.log Manager: init: Associated with Deployer 'Catalina:type=Deployer,host=localhost'
26-Dec-2023 10:52:07.363 INFORMAÇÕES [http-nio-8001-exec-1] org.apache.catalina.core.ApplicationContext.log Manager: init: Global resources are available
26-Dec-2023 10:52:07.419 INFORMAÇÕES [http-nio-8001-exec-1] org.apache.catalina.core.ApplicationContext.log Manager: list: Listing contexts for virtual host 'localhost'
26-Dec-2023 10:52:07.440 INFORMAÇÕES [http-nio-8001-exec-1] org.apache.catalina.core.ApplicationContext.log Manager: list: Listing contexts for virtual host 'localhost'
26-Dec-2023 10:52:07.444 INFORMAÇÕES [http-nio-8001-exec-1] org.apache.catalina.core.ApplicationContext.log Manager: undeploy: Undeploying web application at '/tasks-backend'
26-Dec-2023 10:52:08.299 INFORMAÇÕES [http-nio-8001-exec-3] org.apache.catalina.core.ApplicationContext.log Manager: deploy: Deploying web application '/tasks-backend'
26-Dec-2023 10:52:08.299 INFORMAÇÕES [http-nio-8001-exec-3] org.apache.catalina.core.ApplicationContext.log Manager: Uploading WAR file to C:\devops\apache-tomcat-8.5.50\webapps\tasks-backend.war
26-Dec-2023 10:53:47.108 INFORMAÇÕES [http-nio-8001-exec-11] org.apache.catalina.core.ApplicationContext.log Manager: list: Listing contexts for virtual host 'localhost'
26-Dec-2023 10:53:47.125 INFORMAÇÕES [http-nio-8001-exec-12] org.apache.catalina.core.ApplicationContext.log Manager: list: Listing contexts for virtual host 'localhost'
26-Dec-2023 10:53:47.132 INFORMAÇÕES [http-nio-8001-exec-12] org.apache.catalina.core.ApplicationContext.log Manager: undeploy: Undeploying web application at '/tasks'
26-Dec-2023 10:53:48.830 INFORMAÇÕES [http-nio-8001-exec-6] org.apache.catalina.core.ApplicationContext.log Manager: deploy: Deploying web application '/tasks'
26-Dec-2023 10:53:48.831 INFORMAÇÕES [http-nio-8001-exec-6] org.apache.catalina.core.ApplicationContext.log Manager: Uploading WAR file to C:\devops\apache-tomcat-8.5.50\webapps\tasks.war
26-Dec-2023 10:54:01.243 INFORMAÇÕES [http-nio-8001-exec-7] org.apache.catalina.core.ApplicationContext.log Manager: list: Listing contexts for virtual host 'localhost'
26-Dec-2023 10:54:01.249 INFORMAÇÕES [http-nio-8001-exec-15] org.apache.catalina.core.ApplicationContext.log Manager: list: Listing contexts for virtual host 'localhost'
26-Dec-2023 10:54:01.254 INFORMAÇÕES [http-nio-8001-exec-13] org.apache.catalina.core.ApplicationContext.log Manager: undeploy: Undeploying web application at '/tasks-backend'
26-Dec-2023 10:54:08.188 INFORMAÇÕES [http-nio-8001-exec-14] org.apache.catalina.core.ApplicationContext.log Manager: deploy: Deploying web application '/tasks-backend'
26-Dec-2023 10:54:08.188 INFORMAÇÕES [http-nio-8001-exec-14] org.apache.catalina.core.ApplicationContext.log Manager: Uploading WAR file to C:\devops\apache-tomcat-8.5.50\webapps\tasks-backend.war
26-Dec-2023 10:55:14.051 INFORMAÇÕES [http-nio-8001-exec-16] org.apache.catalina.core.ApplicationContext.log Manager: list: Listing contexts for virtual host 'localhost'
26-Dec-2023 10:55:14.053 INFORMAÇÕES [http-nio-8001-exec-17] org.apache.catalina.core.ApplicationContext.log Manager: list: Listing contexts for virtual host 'localhost'
26-Dec-2023 10:55:14.055 INFORMAÇÕES [http-nio-8001-exec-18] org.apache.catalina.core.ApplicationContext.log Manager: undeploy: Undeploying web application at '/tasks'
26-Dec-2023 10:55:14.910 INFORMAÇÕES [http-nio-8001-exec-21] org.apache.catalina.core.ApplicationContext.log Manager: deploy: Deploying web application '/tasks'
26-Dec-2023 10:55:14.910 INFORMAÇÕES [http-nio-8001-exec-21] org.apache.catalina.core.ApplicationContext.log Manager: Uploading WAR file to C:\devops\apache-tomcat-8.5.50\webapps\tasks.war
26-Dec-2023 11:07:59.207 INFORMAÇÕES [http-nio-8001-exec-22] org.apache.catalina.core.ApplicationContext.log Manager: list: Listing contexts for virtual host 'localhost'
26-Dec-2023 11:07:59.209 INFORMAÇÕES [http-nio-8001-exec-23] org.apache.catalina.core.ApplicationContext.log Manager: list: Listing contexts for virtual host 'localhost'
26-Dec-2023 11:07:59.213 INFORMAÇÕES [http-nio-8001-exec-23] org.apache.catalina.core.ApplicationContext.log Manager: undeploy: Undeploying web application at '/tasks-backend'
26-Dec-2023 11:08:04.050 INFORMAÇÕES [http-nio-8001-exec-22] org.apache.catalina.core.ApplicationContext.log Manager: deploy: Deploying web application '/tasks-backend'
26-Dec-2023 11:08:04.050 INFORMAÇÕES [http-nio-8001-exec-22] org.apache.catalina.core.ApplicationContext.log Manager: Uploading WAR file to C:\devops\apache-tomcat-8.5.50\webapps\tasks-backend.war
26-Dec-2023 11:09:03.877 INFORMAÇÕES [http-nio-8001-exec-32] org.apache.catalina.core.ApplicationContext.log Manager: list: Listing contexts for virtual host 'localhost'
26-Dec-2023 11:09:03.879 INFORMAÇÕES [http-nio-8001-exec-33] org.apache.catalina.core.ApplicationContext.log Manager: list: Listing contexts for virtual host 'localhost'
26-Dec-2023 11:09:03.881 INFORMAÇÕES [http-nio-8001-exec-34] org.apache.catalina.core.ApplicationContext.log Manager: undeploy: Undeploying web application at '/tasks'
26-Dec-2023 11:09:04.956 INFORMAÇÕES [http-nio-8001-exec-35] org.apache.catalina.core.ApplicationContext.log Manager: deploy: Deploying web application '/tasks'
26-Dec-2023 11:09:04.956 INFORMAÇÕES [http-nio-8001-exec-35] org.apache.catalina.core.ApplicationContext.log Manager: Uploading WAR file to C:\devops\apache-tomcat-8.5.50\webapps\tasks.war
26-Dec-2023 11:18:35.696 INFORMAÇÕES [http-nio-8001-exec-38] org.apache.catalina.core.ApplicationContext.log HTMLManager: init: Associated with Deployer 'Catalina:type=Deployer,host=localhost'
26-Dec-2023 11:18:35.696 INFORMAÇÕES [http-nio-8001-exec-38] org.apache.catalina.core.ApplicationContext.log HTMLManager: init: Global resources are available
26-Dec-2023 11:18:35.721 INFORMAÇÕES [http-nio-8001-exec-38] org.apache.catalina.core.ApplicationContext.log HTMLManager: list: Listing contexts for virtual host 'localhost'
26-Dec-2023 12:53:28.790 INFORMAÇÕES [http-nio-8001-exec-1] org.apache.catalina.core.ApplicationContext.log HTMLManager: init: Associated with Deployer 'Catalina:type=Deployer,host=localhost'
26-Dec-2023 12:53:28.790 INFORMAÇÕES [http-nio-8001-exec-1] org.apache.catalina.core.ApplicationContext.log HTMLManager: init: Global resources are available
26-Dec-2023 12:53:28.813 INFORMAÇÕES [http-nio-8001-exec-1] org.apache.catalina.core.ApplicationContext.log HTMLManager: list: Listing contexts for virtual host 'localhost'
26-Dec-2023 12:54:26.864 INFORMAÇÕES [http-nio-8001-exec-4] org.apache.catalina.core.ApplicationContext.log Manager: init: Associated with Deployer 'Catalina:type=Deployer,host=localhost'
26-Dec-2023 12:54:26.864 INFORMAÇÕES [http-nio-8001-exec-4] org.apache.catalina.core.ApplicationContext.log Manager: init: Global resources are available
26-Dec-2023 12:54:26.864 INFORMAÇÕES [http-nio-8001-exec-4] org.apache.catalina.core.ApplicationContext.log Manager: list: Listing contexts for virtual host 'localhost'
26-Dec-2023 12:54:26.871 INFORMAÇÕES [http-nio-8001-exec-7] org.apache.catalina.core.ApplicationContext.log Manager: list: Listing contexts for virtual host 'localhost'
26-Dec-2023 12:54:26.873 INFORMAÇÕES [http-nio-8001-exec-9] org.apache.catalina.core.ApplicationContext.log Manager: undeploy: Undeploying web application at '/tasks-backend'
26-Dec-2023 12:54:27.640 INFORMAÇÕES [http-nio-8001-exec-2] org.apache.catalina.core.ApplicationContext.log Manager: deploy: Deploying web application '/tasks-backend'
26-Dec-2023 12:54:27.640 INFORMAÇÕES [http-nio-8001-exec-2] org.apache.catalina.core.ApplicationContext.log Manager: Uploading WAR file to C:\devops\apache-tomcat-8.5.50\webapps\tasks-backend.war
26-Dec-2023 12:55:21.260 INFORMAÇÕES [http-nio-8001-exec-11] org.apache.catalina.core.ApplicationContext.log Manager: list: Listing contexts for virtual host 'localhost'
26-Dec-2023 12:55:21.263 INFORMAÇÕES [http-nio-8001-exec-12] org.apache.catalina.core.ApplicationContext.log Manager: list: Listing contexts for virtual host 'localhost'
26-Dec-2023 12:55:21.265 INFORMAÇÕES [http-nio-8001-exec-12] org.apache.catalina.core.ApplicationContext.log Manager: undeploy: Undeploying web application at '/tasks'
26-Dec-2023 12:55:22.799 INFORMAÇÕES [http-nio-8001-exec-15] org.apache.catalina.core.ApplicationContext.log Manager: deploy: Deploying web application '/tasks'
26-Dec-2023 12:55:22.800 INFORMAÇÕES [http-nio-8001-exec-15] org.apache.catalina.core.ApplicationContext.log Manager: Uploading WAR file to C:\devops\apache-tomcat-8.5.50\webapps\tasks.war
26-Dec-2023 12:57:53.966 INFORMAÇÕES [http-nio-8001-exec-22] org.apache.catalina.core.ApplicationContext.log Manager: list: Listing contexts for virtual host 'localhost'
26-Dec-2023 12:57:53.970 INFORMAÇÕES [http-nio-8001-exec-23] org.apache.catalina.core.ApplicationContext.log Manager: list: Listing contexts for virtual host 'localhost'
26-Dec-2023 12:57:53.972 INFORMAÇÕES [http-nio-8001-exec-24] org.apache.catalina.core.ApplicationContext.log Manager: undeploy: Undeploying web application at '/tasks-backend'
26-Dec-2023 12:57:54.773 INFORMAÇÕES [http-nio-8001-exec-23] org.apache.catalina.core.ApplicationContext.log Manager: deploy: Deploying web application '/tasks-backend'
26-Dec-2023 12:57:54.773 INFORMAÇÕES [http-nio-8001-exec-23] org.apache.catalina.core.ApplicationContext.log Manager: Uploading WAR file to C:\devops\apache-tomcat-8.5.50\webapps\tasks-backend.war
26-Dec-2023 12:59:15.886 INFORMAÇÕES [http-nio-8001-exec-28] org.apache.catalina.core.ApplicationContext.log Manager: list: Listing contexts for virtual host 'localhost'
26-Dec-2023 12:59:15.888 INFORMAÇÕES [http-nio-8001-exec-29] org.apache.catalina.core.ApplicationContext.log Manager: list: Listing contexts for virtual host 'localhost'
26-Dec-2023 12:59:15.889 INFORMAÇÕES [http-nio-8001-exec-30] org.apache.catalina.core.ApplicationContext.log Manager: undeploy: Undeploying web application at '/tasks'
26-Dec-2023 12:59:16.544 INFORMAÇÕES [http-nio-8001-exec-29] org.apache.catalina.core.ApplicationContext.log Manager: deploy: Deploying web application '/tasks'
26-Dec-2023 12:59:16.544 INFORMAÇÕES [http-nio-8001-exec-29] org.apache.catalina.core.ApplicationContext.log Manager: Uploading WAR file to C:\devops\apache-tomcat-8.5.50\webapps\tasks.war
26-Dec-2023 17:06:59.963 INFORMAÇÕES [http-nio-8001-exec-34] org.apache.catalina.core.ApplicationContext.log HTMLManager: list: Listing contexts for virtual host 'localhost'
26-Dec-2023 17:37:30.045 INFORMAÇÕES [http-nio-8001-exec-34] org.apache.catalina.core.ApplicationContext.log HTMLManager: list: Listing contexts for virtual host 'localhost'
26-Dec-2023 19:10:24.994 INFORMAÇÕES [http-nio-8001-exec-9] org.apache.catalina.core.ApplicationContext.log Manager: init: Associated with Deployer 'Catalina:type=Deployer,host=localhost'
26-Dec-2023 19:10:24.996 INFORMAÇÕES [http-nio-8001-exec-9] org.apache.catalina.core.ApplicationContext.log Manager: init: Global resources are available
26-Dec-2023 19:10:24.997 INFORMAÇÕES [http-nio-8001-exec-9] org.apache.catalina.core.ApplicationContext.log Manager: list: Listing contexts for virtual host 'localhost'
26-Dec-2023 19:10:25.002 INFORMAÇÕES [http-nio-8001-exec-4] org.apache.catalina.core.ApplicationContext.log Manager: list: Listing contexts for virtual host 'localhost'
26-Dec-2023 19:10:25.008 INFORMAÇÕES [http-nio-8001-exec-6] org.apache.catalina.core.ApplicationContext.log Manager: undeploy: Undeploying web application at '/tasks-backend'
26-Dec-2023 19:10:25.815 INFORMAÇÕES [http-nio-8001-exec-4] org.apache.catalina.core.ApplicationContext.log Manager: deploy: Deploying web application '/tasks-backend'
26-Dec-2023 19:10:25.815 INFORMAÇÕES [http-nio-8001-exec-4] org.apache.catalina.core.ApplicationContext.log Manager: Uploading WAR file to C:\devops\apache-tomcat-8.5.50\webapps\tasks-backend.war
26-Dec-2023 19:11:33.292 INFORMAÇÕES [http-nio-8001-exec-11] org.apache.catalina.core.ApplicationContext.log Manager: list: Listing contexts for virtual host 'localhost'
26-Dec-2023 19:11:33.294 INFORMAÇÕES [http-nio-8001-exec-12] org.apache.catalina.core.ApplicationContext.log Manager: list: Listing contexts for virtual host 'localhost'
26-Dec-2023 19:11:33.298 INFORMAÇÕES [http-nio-8001-exec-13] org.apache.catalina.core.ApplicationContext.log Manager: undeploy: Undeploying web application at '/tasks'
26-Dec-2023 19:11:33.970 INFORMAÇÕES [http-nio-8001-exec-2] org.apache.catalina.core.ApplicationContext.log Manager: deploy: Deploying web application '/tasks'
26-Dec-2023 19:11:33.970 INFORMAÇÕES [http-nio-8001-exec-2] org.apache.catalina.core.ApplicationContext.log Manager: Uploading WAR file to C:\devops\apache-tomcat-8.5.50\webapps\tasks.war
