21-Jan-2024 17:37:49.003 INFORMAÇÕES [http-nio-8001-exec-3] org.apache.catalina.core.ApplicationContext.log Manager: init: Associated with Deployer 'Catalina:type=Deployer,host=localhost'
21-Jan-2024 17:37:49.007 INFORMAÇÕES [http-nio-8001-exec-3] org.apache.catalina.core.ApplicationContext.log Manager: init: Global resources are available
21-Jan-2024 17:37:49.045 INFORMAÇÕES [http-nio-8001-exec-3] org.apache.catalina.core.ApplicationContext.log Manager: list: Listing contexts for virtual host 'localhost'
21-Jan-2024 17:37:49.088 INFORMAÇÕES [http-nio-8001-exec-3] org.apache.catalina.core.ApplicationContext.log Manager: list: Listing contexts for virtual host 'localhost'
21-Jan-2024 17:37:49.097 INFORMAÇÕES [http-nio-8001-exec-4] org.apache.catalina.core.ApplicationContext.log Manager: undeploy: Undeploying web application at '/tasks-backend'
21-Jan-2024 17:37:52.151 INFORMAÇÕES [http-nio-8001-exec-4] org.apache.catalina.core.ApplicationContext.log Manager: deploy: Deploying web application '/tasks-backend'
21-Jan-2024 17:37:52.151 INFORMAÇÕES [http-nio-8001-exec-4] org.apache.catalina.core.ApplicationContext.log Manager: Uploading WAR file to C:\devops\apache-tomcat-8.5.50\webapps\tasks-backend.war
21-Jan-2024 17:40:01.922 INFORMAÇÕES [http-nio-8001-exec-12] org.apache.catalina.core.ApplicationContext.log Manager: list: Listing contexts for virtual host 'localhost'
21-Jan-2024 17:40:01.925 INFORMAÇÕES [http-nio-8001-exec-11] org.apache.catalina.core.ApplicationContext.log Manager: list: Listing contexts for virtual host 'localhost'
21-Jan-2024 17:40:01.928 INFORMAÇÕES [http-nio-8001-exec-11] org.apache.catalina.core.ApplicationContext.log Manager: undeploy: Undeploying web application at '/tasks'
21-Jan-2024 17:40:03.080 INFORMAÇÕES [http-nio-8001-exec-1] org.apache.catalina.core.ApplicationContext.log Manager: deploy: Deploying web application '/tasks'
21-Jan-2024 17:40:03.080 INFORMAÇÕES [http-nio-8001-exec-1] org.apache.catalina.core.ApplicationContext.log Manager: Uploading WAR file to C:\devops\apache-tomcat-8.5.50\webapps\tasks.war
21-Jan-2024 18:00:00.660 INFORMAÇÕES [http-nio-8001-exec-3] org.apache.catalina.core.ApplicationContext.log Manager: init: Associated with Deployer 'Catalina:type=Deployer,host=localhost'
21-Jan-2024 18:00:00.660 INFORMAÇÕES [http-nio-8001-exec-3] org.apache.catalina.core.ApplicationContext.log Manager: init: Global resources are available
21-Jan-2024 18:00:00.674 INFORMAÇÕES [http-nio-8001-exec-3] org.apache.catalina.core.ApplicationContext.log Manager: list: Listing contexts for virtual host 'localhost'
21-Jan-2024 18:00:00.695 INFORMAÇÕES [http-nio-8001-exec-4] org.apache.catalina.core.ApplicationContext.log Manager: list: Listing contexts for virtual host 'localhost'
21-Jan-2024 18:00:00.700 INFORMAÇÕES [http-nio-8001-exec-4] org.apache.catalina.core.ApplicationContext.log Manager: undeploy: Undeploying web application at '/tasks-backend'
21-Jan-2024 18:00:02.243 INFORMAÇÕES [http-nio-8001-exec-3] org.apache.catalina.core.ApplicationContext.log Manager: deploy: Deploying web application '/tasks-backend'
21-Jan-2024 18:00:02.243 INFORMAÇÕES [http-nio-8001-exec-3] org.apache.catalina.core.ApplicationContext.log Manager: Uploading WAR file to C:\devops\apache-tomcat-8.5.50\webapps\tasks-backend.war
21-Jan-2024 18:01:38.312 INFORMAÇÕES [http-nio-8001-exec-13] org.apache.catalina.core.ApplicationContext.log Manager: list: Listing contexts for virtual host 'localhost'
21-Jan-2024 18:01:38.315 INFORMAÇÕES [38] org.apache.catalina.core.ApplicationContext.log Manager: list: Listing contexts for virtual host 'localhost'
21-Jan-2024 18:01:38.321 INFORMAÇÕES [http-nio-8001-exec-7] org.apache.catalina.core.ApplicationContext.log Manager: undeploy: Undeploying web application at '/tasks'
21-Jan-2024 18:01:39.193 INFORMAÇÕES [http-nio-8001-exec-1] org.apache.catalina.core.ApplicationContext.log Manager: deploy: Deploying web application '/tasks'
21-Jan-2024 18:01:39.193 INFORMAÇÕES [http-nio-8001-exec-1] org.apache.catalina.core.ApplicationContext.log Manager: Uploading WAR file to C:\devops\apache-tomcat-8.5.50\webapps\tasks.war
21-Jan-2024 18:31:17.022 INFORMAÇÕES [http-nio-8001-exec-24] org.apache.catalina.core.ApplicationContext.log Manager: list: Listing contexts for virtual host 'localhost'
21-Jan-2024 18:31:17.041 INFORMAÇÕES [http-nio-8001-exec-23] org.apache.catalina.core.ApplicationContext.log Manager: list: Listing contexts for virtual host 'localhost'
21-Jan-2024 18:31:17.046 INFORMAÇÕES [http-nio-8001-exec-19] org.apache.catalina.core.ApplicationContext.log Manager: undeploy: Undeploying web application at '/tasks-backend'
21-Jan-2024 18:31:18.659 INFORMAÇÕES [http-nio-8001-exec-23] org.apache.catalina.core.ApplicationContext.log Manager: deploy: Deploying web application '/tasks-backend'
21-Jan-2024 18:31:18.659 INFORMAÇÕES [http-nio-8001-exec-23] org.apache.catalina.core.ApplicationContext.log Manager: Uploading WAR file to C:\devops\apache-tomcat-8.5.50\webapps\tasks-backend.war
21-Jan-2024 18:32:54.144 INFORMAÇÕES [http-nio-8001-exec-21] org.apache.catalina.core.ApplicationContext.log Manager: list: Listing contexts for virtual host 'localhost'
21-Jan-2024 18:32:54.146 INFORMAÇÕES [http-nio-8001-exec-18] org.apache.catalina.core.ApplicationContext.log Manager: list: Listing contexts for virtual host 'localhost'
21-Jan-2024 18:32:54.148 INFORMAÇÕES [http-nio-8001-exec-22] org.apache.catalina.core.ApplicationContext.log Manager: undeploy: Undeploying web application at '/tasks'
21-Jan-2024 18:32:55.011 INFORMAÇÕES [http-nio-8001-exec-26] org.apache.catalina.core.ApplicationContext.log Manager: deploy: Deploying web application '/tasks'
21-Jan-2024 18:32:55.011 INFORMAÇÕES [http-nio-8001-exec-26] org.apache.catalina.core.ApplicationContext.log Manager: Uploading WAR file to C:\devops\apache-tomcat-8.5.50\webapps\tasks.war
21-Jan-2024 18:40:12.516 INFORMAÇÕES [http-nio-8001-exec-32] org.apache.catalina.core.ApplicationContext.log Manager: list: Listing contexts for virtual host 'localhost'
21-Jan-2024 18:40:12.518 INFORMAÇÕES [http-nio-8001-exec-36] org.apache.catalina.core.ApplicationContext.log Manager: list: Listing contexts for virtual host 'localhost'
21-Jan-2024 18:40:12.622 INFORMAÇÕES [http-nio-8001-exec-33] org.apache.catalina.core.ApplicationContext.log Manager: undeploy: Undeploying web application at '/tasks-backend'
21-Jan-2024 18:40:17.000 INFORMAÇÕES [http-nio-8001-exec-32] org.apache.catalina.core.ApplicationContext.log Manager: deploy: Deploying web application '/tasks-backend'
21-Jan-2024 18:40:17.000 INFORMAÇÕES [http-nio-8001-exec-32] org.apache.catalina.core.ApplicationContext.log Manager: Uploading WAR file to C:\devops\apache-tomcat-8.5.50\webapps\tasks-backend.war
21-Jan-2024 18:41:57.315 INFORMAÇÕES [http-nio-8001-exec-37] org.apache.catalina.core.ApplicationContext.log Manager: list: Listing contexts for virtual host 'localhost'
21-Jan-2024 18:41:57.364 INFORMAÇÕES [http-nio-8001-exec-41] org.apache.catalina.core.ApplicationContext.log Manager: list: Listing contexts for virtual host 'localhost'
21-Jan-2024 18:41:57.366 INFORMAÇÕES [http-nio-8001-exec-36] org.apache.catalina.core.ApplicationContext.log Manager: undeploy: Undeploying web application at '/tasks'
21-Jan-2024 18:41:59.150 INFORMAÇÕES [http-nio-8001-exec-43] org.apache.catalina.core.ApplicationContext.log Manager: deploy: Deploying web application '/tasks'
21-Jan-2024 18:41:59.150 INFORMAÇÕES [http-nio-8001-exec-43] org.apache.catalina.core.ApplicationContext.log Manager: Uploading WAR file to C:\devops\apache-tomcat-8.5.50\webapps\tasks.war
21-Jan-2024 18:51:33.446 INFORMAÇÕES [http-nio-8001-exec-55] org.apache.catalina.core.ApplicationContext.log Manager: list: Listing contexts for virtual host 'localhost'
21-Jan-2024 18:51:33.464 INFORMAÇÕES [http-nio-8001-exec-55] org.apache.catalina.core.ApplicationContext.log Manager: list: Listing contexts for virtual host 'localhost'
21-Jan-2024 18:51:33.470 INFORMAÇÕES [http-nio-8001-exec-49] org.apache.catalina.core.ApplicationContext.log Manager: undeploy: Undeploying web application at '/tasks-backend'
21-Jan-2024 18:51:34.735 INFORMAÇÕES [http-nio-8001-exec-55] org.apache.catalina.core.ApplicationContext.log Manager: deploy: Deploying web application '/tasks-backend'
21-Jan-2024 18:51:34.735 INFORMAÇÕES [http-nio-8001-exec-55] org.apache.catalina.core.ApplicationContext.log Manager: Uploading WAR file to C:\devops\apache-tomcat-8.5.50\webapps\tasks-backend.war
21-Jan-2024 18:53:31.236 INFORMAÇÕES [http-nio-8001-exec-57] org.apache.catalina.core.ApplicationContext.log Manager: list: Listing contexts for virtual host 'localhost'
21-Jan-2024 18:53:31.238 INFORMAÇÕES [http-nio-8001-exec-54] org.apache.catalina.core.ApplicationContext.log Manager: list: Listing contexts for virtual host 'localhost'
21-Jan-2024 18:53:31.239 INFORMAÇÕES [http-nio-8001-exec-52] org.apache.catalina.core.ApplicationContext.log Manager: undeploy: Undeploying web application at '/tasks'
21-Jan-2024 18:53:34.938 INFORMAÇÕES [http-nio-8001-exec-63] org.apache.catalina.core.ApplicationContext.log Manager: deploy: Deploying web application '/tasks'
21-Jan-2024 18:53:34.938 INFORMAÇÕES [http-nio-8001-exec-63] org.apache.catalina.core.ApplicationContext.log Manager: Uploading WAR file to C:\devops\apache-tomcat-8.5.50\webapps\tasks.war
21-Jan-2024 18:56:15.647 INFORMAÇÕES [http-nio-8001-exec-71] org.apache.catalina.core.ApplicationContext.log Manager: list: Listing contexts for virtual host 'localhost'
21-Jan-2024 18:56:15.650 INFORMAÇÕES [http-nio-8001-exec-71] org.apache.catalina.core.ApplicationContext.log Manager: list: Listing contexts for virtual host 'localhost'
21-Jan-2024 18:56:15.652 INFORMAÇÕES [http-nio-8001-exec-73] org.apache.catalina.core.ApplicationContext.log Manager: undeploy: Undeploying web application at '/tasks-backend'
21-Jan-2024 18:56:16.523 INFORMAÇÕES [http-nio-8001-exec-73] org.apache.catalina.core.ApplicationContext.log Manager: deploy: Deploying web application '/tasks-backend'
21-Jan-2024 18:56:16.523 INFORMAÇÕES [http-nio-8001-exec-73] org.apache.catalina.core.ApplicationContext.log Manager: Uploading WAR file to C:\devops\apache-tomcat-8.5.50\webapps\tasks-backend.war
21-Jan-2024 18:57:42.194 INFORMAÇÕES [http-nio-8001-exec-76] org.apache.catalina.core.ApplicationContext.log Manager: list: Listing contexts for virtual host 'localhost'
21-Jan-2024 18:57:42.205 INFORMAÇÕES [http-nio-8001-exec-77] org.apache.catalina.core.ApplicationContext.log Manager: list: Listing contexts for virtual host 'localhost'
21-Jan-2024 18:57:42.214 INFORMAÇÕES [http-nio-8001-exec-77] org.apache.catalina.core.ApplicationContext.log Manager: undeploy: Undeploying web application at '/tasks'
21-Jan-2024 18:57:42.963 INFORMAÇÕES [http-nio-8001-exec-75] org.apache.catalina.core.ApplicationContext.log Manager: deploy: Deploying web application '/tasks'
21-Jan-2024 18:57:42.963 INFORMAÇÕES [http-nio-8001-exec-75] org.apache.catalina.core.ApplicationContext.log Manager: Uploading WAR file to C:\devops\apache-tomcat-8.5.50\webapps\tasks.war
